#
# There is insufficient memory for the Java Runtime Environment to continue.
# Native memory allocation (malloc) failed to allocate 848416 bytes for Chunk::new
# Possible reasons:
#   The system is out of physical RAM or swap space
#   The process is running with CompressedOops enabled, and the Java Heap may be blocking the growth of the native heap
# Possible solutions:
#   Reduce memory load on the system
#   Increase physical memory or swap space
#   Check if swap backing store is full
#   Decrease Java heap size (-Xmx/-Xms)
#   Decrease number of Java threads
#   Decrease Java thread stack sizes (-Xss)
#   Set larger code cache with -XX:ReservedCodeCacheSize=
#   JVM is running with Zero Based Compressed Oops mode in which the Java heap is
#     placed in the first 32GB address space. The Java Heap base address is the
#     maximum limit for the native heap growth. Please use -XX:HeapBaseMinAddress
#     to set the Java Heap base and to place the Java Heap above 32GB virtual address.
# This output file may be truncated or incomplete.
#
#  Out of Memory Error (arena.cpp:189), pid=24760, tid=6368
#
# JRE version: OpenJDK Runtime Environment (17.0.7) (build 17.0.7+0-b2043.56-10550314)
# Java VM: OpenJDK 64-Bit Server VM (17.0.7+0-b2043.56-10550314, mixed mode, tiered, compressed oops, compressed class ptrs, g1 gc, windows-amd64)
# No core dump will be written. Minidumps are not enabled by default on client versions of Windows
#

---------------  S U M M A R Y ------------

Command Line: org.jetbrains.kotlin.cli.jvm.K2JVMCompiler @D:\AndroidProjectFiles\KDAppication\app\build\20240703_4006530031243035244.compiler.options

Host: 11th Gen Intel(R) Core(TM) i5-11400H @ 2.70GHz, 12 cores, 15G,  Windows 11 , 64 bit Build 22621 (10.0.22621.3672)
Time: Wed Jul  3 19:25:59 2024 Sri Lanka Standard Time elapsed time: 2.355772 seconds (0d 0h 0m 2s)

---------------  T H R E A D  ---------------

Current thread (0x0000021aba143210):  JavaThread "C2 CompilerThread2" daemon [_thread_in_native, id=6368, stack(0x000000a90a300000,0x000000a90a400000)]


Current CompileTask:
C2:   2355 2897   !   4       org.jetbrains.kotlin.metadata.ProtoBuf$Function::<init> (1410 bytes)

Stack: [0x000000a90a300000,0x000000a90a400000]
Native frames: (J=compiled Java code, j=interpreted, Vv=VM code, C=native code)
V  [jvm.dll+0x683bfa]
V  [jvm.dll+0x8430a4]
V  [jvm.dll+0x8449be]
V  [jvm.dll+0x845023]
V  [jvm.dll+0x24ad2f]
V  [jvm.dll+0xac25c]
V  [jvm.dll+0xac82c]
V  [jvm.dll+0x2b218f]
V  [jvm.dll+0x58c2f7]
V  [jvm.dll+0x225a12]
V  [jvm.dll+0x21ed62]
V  [jvm.dll+0x21c56b]
V  [jvm.dll+0x1a605d]
V  [jvm.dll+0x22c148]
V  [jvm.dll+0x22a209]
V  [jvm.dll+0x7f858c]
V  [jvm.dll+0x7f2aea]
V  [jvm.dll+0x682a35]
C  [ucrtbase.dll+0x29333]
C  [KERNEL32.DLL+0x1257d]
C  [ntdll.dll+0x5af28]


---------------  P R O C E S S  ---------------

Threads class SMR info:
_java_thread_list=0x0000021aba153060, length=14, elements={
0x0000021a9622e5c0, 0x0000021ab4b3d270, 0x0000021ab4b3de20, 0x0000021ab4f3a150,
0x0000021ab4f5e4b0, 0x0000021ab4f5ef60, 0x0000021ab4f5fd10, 0x0000021ab4f56110,
0x0000021ab4f59c10, 0x0000021ab4f6d2a0, 0x0000021ab50ca350, 0x0000021ab50cba00,
0x0000021ab5114600, 0x0000021aba143210
}

Java Threads: ( => current thread )
  0x0000021a9622e5c0 JavaThread "main" [_thread_in_Java, id=11868, stack(0x000000a908600000,0x000000a908700000)]
  0x0000021ab4b3d270 JavaThread "Reference Handler" daemon [_thread_blocked, id=8616, stack(0x000000a908d00000,0x000000a908e00000)]
  0x0000021ab4b3de20 JavaThread "Finalizer" daemon [_thread_blocked, id=3452, stack(0x000000a908e00000,0x000000a908f00000)]
  0x0000021ab4f3a150 JavaThread "Signal Dispatcher" daemon [_thread_blocked, id=32360, stack(0x000000a908f00000,0x000000a909000000)]
  0x0000021ab4f5e4b0 JavaThread "Attach Listener" daemon [_thread_blocked, id=29340, stack(0x000000a909000000,0x000000a909100000)]
  0x0000021ab4f5ef60 JavaThread "Service Thread" daemon [_thread_blocked, id=14448, stack(0x000000a909100000,0x000000a909200000)]
  0x0000021ab4f5fd10 JavaThread "Monitor Deflation Thread" daemon [_thread_blocked, id=24676, stack(0x000000a909200000,0x000000a909300000)]
  0x0000021ab4f56110 JavaThread "C2 CompilerThread0" daemon [_thread_in_native, id=2464, stack(0x000000a909300000,0x000000a909400000)]
  0x0000021ab4f59c10 JavaThread "C1 CompilerThread0" daemon [_thread_blocked, id=30040, stack(0x000000a909400000,0x000000a909500000)]
  0x0000021ab4f6d2a0 JavaThread "Sweeper thread" daemon [_thread_blocked, id=16104, stack(0x000000a909500000,0x000000a909600000)]
  0x0000021ab50ca350 JavaThread "Notification Thread" daemon [_thread_blocked, id=10156, stack(0x000000a909600000,0x000000a909700000)]
  0x0000021ab50cba00 JavaThread "Common-Cleaner" daemon [_thread_blocked, id=32024, stack(0x000000a909800000,0x000000a909900000)]
  0x0000021ab5114600 JavaThread "C2 CompilerThread1" daemon [_thread_in_native, id=26792, stack(0x000000a909900000,0x000000a909a00000)]
=>0x0000021aba143210 JavaThread "C2 CompilerThread2" daemon [_thread_in_native, id=6368, stack(0x000000a90a300000,0x000000a90a400000)]

Other Threads:
  0x0000021ab4f21990 VMThread "VM Thread" [stack: 0x000000a908c00000,0x000000a908d00000] [id=14040]
  0x0000021a962b8170 WatcherThread [stack: 0x000000a909700000,0x000000a909800000] [id=20960]
  0x0000021a9629c0c0 GCTaskThread "GC Thread#0" [stack: 0x000000a908700000,0x000000a908800000] [id=2980]
  0x0000021ab58dd240 GCTaskThread "GC Thread#1" [stack: 0x000000a909a00000,0x000000a909b00000] [id=13804]
  0x0000021ab58dd4f0 GCTaskThread "GC Thread#2" [stack: 0x000000a909b00000,0x000000a909c00000] [id=9456]
  0x0000021ab58dd7a0 GCTaskThread "GC Thread#3" [stack: 0x000000a909c00000,0x000000a909d00000] [id=9136]
  0x0000021ab58e3ab0 GCTaskThread "GC Thread#4" [stack: 0x000000a909d00000,0x000000a909e00000] [id=10864]
  0x0000021ab58e4780 GCTaskThread "GC Thread#5" [stack: 0x000000a909e00000,0x000000a909f00000] [id=31728]
  0x0000021ab5c9cc20 GCTaskThread "GC Thread#6" [stack: 0x000000a909f00000,0x000000a90a000000] [id=16412]
  0x0000021ab5c48d60 GCTaskThread "GC Thread#7" [stack: 0x000000a90a000000,0x000000a90a100000] [id=22236]
  0x0000021aba67a950 GCTaskThread "GC Thread#8" [stack: 0x000000a90a400000,0x000000a90a500000] [id=20220]
  0x0000021aba679930 GCTaskThread "GC Thread#9" [stack: 0x000000a90a500000,0x000000a90a600000] [id=344]
  0x0000021a962acbc0 ConcurrentGCThread "G1 Main Marker" [stack: 0x000000a908800000,0x000000a908900000] [id=26392]
  0x0000021a962ad5d0 ConcurrentGCThread "G1 Conc#0" [stack: 0x000000a908900000,0x000000a908a00000] [id=33064]
  0x0000021ab58ff2c0 ConcurrentGCThread "G1 Conc#1" [stack: 0x000000a90a100000,0x000000a90a200000] [id=33352]
  0x0000021ab5c9c430 ConcurrentGCThread "G1 Conc#2" [stack: 0x000000a90a200000,0x000000a90a300000] [id=32932]
  0x0000021a962eda70 ConcurrentGCThread "G1 Refine#0" [stack: 0x000000a908a00000,0x000000a908b00000] [id=33676]
  0x0000021abb85e770 ConcurrentGCThread "G1 Refine#1" [stack: 0x000000a90a600000,0x000000a90a700000] [id=11664]
  0x0000021abb860cd0 ConcurrentGCThread "G1 Refine#2" [stack: 0x000000a90a700000,0x000000a90a800000] [id=6840]
  0x0000021abb860fb0 ConcurrentGCThread "G1 Refine#3" [stack: 0x000000a90a800000,0x000000a90a900000] [id=2324]
  0x0000021a962ee490 ConcurrentGCThread "G1 Service" [stack: 0x000000a908b00000,0x000000a908c00000] [id=4472]

Threads with active compile tasks:
C2 CompilerThread0     2365 2983       4       org.jetbrains.kotlin.metadata.ProtoBuf$Type::writeTo (354 bytes)
C2 CompilerThread1     2365 2871   !   4       org.jetbrains.kotlin.metadata.ProtoBuf$Type::<init> (875 bytes)
C2 CompilerThread2     2365 2897   !   4       org.jetbrains.kotlin.metadata.ProtoBuf$Function::<init> (1410 bytes)

VM state: not at safepoint (normal execution)

VM Mutex/Monitor currently owned by a thread: None

Heap address: 0x0000000704400000, size: 4028 MB, Compressed Oops mode: Zero based, Oop shift amount: 3

CDS archive(s) not mapped
Compressed class space mapped at: 0x0000000800000000-0x0000000840000000, reserved size: 1073741824
Narrow klass base: 0x0000000800000000, Narrow klass shift: 0, Narrow klass range: 0x40000000

GC Precious Log:
 CPUs: 12 total, 12 available
 Memory: 16105M
 Large Page Support: Disabled
 NUMA Support: Disabled
 Compressed Oops: Enabled (Zero based)
 Heap Region Size: 2M
 Heap Min Capacity: 8M
 Heap Initial Capacity: 252M
 Heap Max Capacity: 4028M
 Pre-touch: Disabled
 Parallel Workers: 10
 Concurrent Workers: 3
 Concurrent Refinement Workers: 10
 Periodic GC: Disabled

Heap:
 garbage-first heap   total 75776K, used 39745K [0x0000000704400000, 0x0000000800000000)
  region size 2048K, 7 young (14336K), 1 survivors (2048K)
 Metaspace       used 42073K, committed 42304K, reserved 1114112K
  class space    used 5056K, committed 5184K, reserved 1048576K

Heap Regions: E=young(eden), S=young(survivor), O=old, HS=humongous(starts), HC=humongous(continues), CS=collection set, F=free, OA=open archive, CA=closed archive, TAMS=top-at-mark-start (previous, next)
|   0|0x0000000704400000, 0x0000000704600000, 0x0000000704600000|100%|HS|  |TAMS 0x0000000704600000, 0x0000000704400000| Complete 
|   1|0x0000000704600000, 0x0000000704800000, 0x0000000704800000|100%|HC|  |TAMS 0x0000000704800000, 0x0000000704600000| Complete 
|   2|0x0000000704800000, 0x0000000704a00000, 0x0000000704a00000|100%|HS|  |TAMS 0x0000000704800000, 0x0000000704800000| Complete 
|   3|0x0000000704a00000, 0x0000000704a00000, 0x0000000704c00000|  0%| F|  |TAMS 0x0000000704a00000, 0x0000000704a00000| Untracked 
|   4|0x0000000704c00000, 0x0000000704df5c00, 0x0000000704e00000| 97%| O|  |TAMS 0x0000000704df5c00, 0x0000000704c00000| Untracked 
|   5|0x0000000704e00000, 0x0000000705000000, 0x0000000705000000|100%| O|  |TAMS 0x0000000704e00000, 0x0000000704e00000| Untracked 
|   6|0x0000000705000000, 0x0000000705200000, 0x0000000705200000|100%| O|  |TAMS 0x0000000705200000, 0x0000000705000000| Untracked 
|   7|0x0000000705200000, 0x0000000705400000, 0x0000000705400000|100%| O|  |TAMS 0x0000000705400000, 0x0000000705200000| Untracked 
|   8|0x0000000705400000, 0x0000000705600000, 0x0000000705600000|100%| O|  |TAMS 0x0000000705600000, 0x0000000705400000| Untracked 
|   9|0x0000000705600000, 0x0000000705800000, 0x0000000705800000|100%| O|  |TAMS 0x0000000705800000, 0x0000000705600000| Untracked 
|  10|0x0000000705800000, 0x0000000705a00000, 0x0000000705a00000|100%| O|  |TAMS 0x0000000705800000, 0x0000000705800000| Untracked 
|  11|0x0000000705a00000, 0x0000000705c00000, 0x0000000705c00000|100%| O|  |TAMS 0x0000000705a00000, 0x0000000705a00000| Untracked 
|  12|0x0000000705c00000, 0x0000000705c00000, 0x0000000705e00000|  0%| F|  |TAMS 0x0000000705c00000, 0x0000000705c00000| Untracked 
|  13|0x0000000705e00000, 0x0000000705e00000, 0x0000000706000000|  0%| F|  |TAMS 0x0000000705e00000, 0x0000000705e00000| Untracked 
|  14|0x0000000706000000, 0x0000000706000000, 0x0000000706200000|  0%| F|  |TAMS 0x0000000706000000, 0x0000000706000000| Untracked 
|  15|0x0000000706200000, 0x0000000706400000, 0x0000000706400000|100%| O|  |TAMS 0x0000000706200000, 0x0000000706200000| Untracked 
|  16|0x0000000706400000, 0x0000000706600000, 0x0000000706600000|100%| O|  |TAMS 0x0000000706400000, 0x0000000706400000| Untracked 
|  17|0x0000000706600000, 0x0000000706755c00, 0x0000000706800000| 66%| O|  |TAMS 0x0000000706600000, 0x0000000706600000| Untracked 
|  18|0x0000000706800000, 0x0000000706800000, 0x0000000706a00000|  0%| F|  |TAMS 0x0000000706800000, 0x0000000706800000| Untracked 
|  19|0x0000000706a00000, 0x0000000706a00000, 0x0000000706c00000|  0%| F|  |TAMS 0x0000000706a00000, 0x0000000706a00000| Untracked 
|  20|0x0000000706c00000, 0x0000000706c00000, 0x0000000706e00000|  0%| F|  |TAMS 0x0000000706c00000, 0x0000000706c00000| Untracked 
|  21|0x0000000706e00000, 0x0000000706e00000, 0x0000000707000000|  0%| F|  |TAMS 0x0000000706e00000, 0x0000000706e00000| Untracked 
|  22|0x0000000707000000, 0x0000000707000000, 0x0000000707200000|  0%| F|  |TAMS 0x0000000707000000, 0x0000000707000000| Untracked 
|  23|0x0000000707200000, 0x0000000707200000, 0x0000000707400000|  0%| F|  |TAMS 0x0000000707200000, 0x0000000707200000| Untracked 
|  24|0x0000000707400000, 0x0000000707400000, 0x0000000707600000|  0%| F|  |TAMS 0x0000000707400000, 0x0000000707400000| Untracked 
|  25|0x0000000707600000, 0x0000000707600000, 0x0000000707800000|  0%| F|  |TAMS 0x0000000707600000, 0x0000000707600000| Untracked 
|  26|0x0000000707800000, 0x0000000707800000, 0x0000000707a00000|  0%| F|  |TAMS 0x0000000707800000, 0x0000000707800000| Untracked 
|  27|0x0000000707a00000, 0x0000000707a00000, 0x0000000707c00000|  0%| F|  |TAMS 0x0000000707a00000, 0x0000000707a00000| Untracked 
|  28|0x0000000707c00000, 0x0000000707c00000, 0x0000000707e00000|  0%| F|  |TAMS 0x0000000707c00000, 0x0000000707c00000| Untracked 
|  29|0x0000000707e00000, 0x0000000707e00000, 0x0000000708000000|  0%| F|  |TAMS 0x0000000707e00000, 0x0000000707e00000| Untracked 
|  30|0x0000000708000000, 0x000000070808b770, 0x0000000708200000| 27%| E|  |TAMS 0x0000000708000000, 0x0000000708000000| Complete 
|  31|0x0000000708200000, 0x0000000708400000, 0x0000000708400000|100%| E|CS|TAMS 0x0000000708200000, 0x0000000708200000| Complete 
|  32|0x0000000708400000, 0x0000000708600000, 0x0000000708600000|100%| E|CS|TAMS 0x0000000708400000, 0x0000000708400000| Complete 
|  33|0x0000000708600000, 0x0000000708800000, 0x0000000708800000|100%| E|CS|TAMS 0x0000000708600000, 0x0000000708600000| Complete 
|  58|0x000000070b800000, 0x000000070ba00000, 0x000000070ba00000|100%| E|CS|TAMS 0x000000070b800000, 0x000000070b800000| Complete 
|  59|0x000000070ba00000, 0x000000070bb84f80, 0x000000070bc00000| 75%| S|CS|TAMS 0x000000070ba00000, 0x000000070ba00000| Complete 
| 125|0x0000000713e00000, 0x0000000714000000, 0x0000000714000000|100%| E|CS|TAMS 0x0000000713e00000, 0x0000000713e00000| Complete 

Card table byte_map: [0x0000021aa9430000,0x0000021aa9c10000] _byte_map_base: 0x0000021aa5c0e000

Marking Bits (Prev, Next): (CMBitMap*) 0x0000021a9629c6d0, (CMBitMap*) 0x0000021a9629c710
 Prev Bits: [0x0000021aaa3f0000, 0x0000021aae2e0000)
 Next Bits: [0x0000021aae2e0000, 0x0000021ab21d0000)

Polling page: 0x0000021a941a0000

Metaspace:

Usage:
  Non-class:     36.16 MB used.
      Class:      4.94 MB used.
       Both:     41.10 MB used.

Virtual space:
  Non-class space:       64.00 MB reserved,      36.25 MB ( 57%) committed,  1 nodes.
      Class space:        1.00 GB reserved,       5.06 MB ( <1%) committed,  1 nodes.
             Both:        1.06 GB reserved,      41.31 MB (  4%) committed. 

Chunk freelists:
   Non-Class:  11.12 MB
       Class:  10.91 MB
        Both:  22.03 MB

MaxMetaspaceSize: unlimited
CompressedClassSpaceSize: 1.00 GB
Initial GC threshold: 21.00 MB
Current GC threshold: 58.75 MB
CDS: off
MetaspaceReclaimPolicy: balanced
 - commit_granule_bytes: 65536.
 - commit_granule_words: 8192.
 - virtual_space_node_default_size: 8388608.
 - enlarge_chunks_in_place: 1.
 - new_chunks_are_fully_committed: 0.
 - uncommit_free_chunks: 1.
 - use_allocation_guard: 0.
 - handle_deallocations: 1.


Internal statistics:

num_allocs_failed_limit: 6.
num_arena_births: 146.
num_arena_deaths: 0.
num_vsnodes_births: 2.
num_vsnodes_deaths: 0.
num_space_committed: 660.
num_space_uncommitted: 0.
num_chunks_returned_to_freelist: 6.
num_chunks_taken_from_freelist: 1319.
num_chunk_merges: 6.
num_chunk_splits: 1101.
num_chunks_enlarged: 1006.
num_inconsistent_stats: 0.

CodeHeap 'non-profiled nmethods': size=120000Kb used=1337Kb max_used=1337Kb free=118662Kb
 bounds [0x0000021aa11d0000, 0x0000021aa1440000, 0x0000021aa8700000]
CodeHeap 'profiled nmethods': size=120000Kb used=6067Kb max_used=6067Kb free=113933Kb
 bounds [0x0000021a99700000, 0x0000021a99cf0000, 0x0000021aa0c30000]
CodeHeap 'non-nmethods': size=5760Kb used=1260Kb max_used=1298Kb free=4499Kb
 bounds [0x0000021aa0c30000, 0x0000021aa0ea0000, 0x0000021aa11d0000]
 total_blobs=3528 nmethods=2972 adapters=468
 compilation: enabled
              stopped_count=0, restarted_count=0
 full_count=0

Compilation events (20 events):
Event: 2.344 Thread 0x0000021ab4f59c10 2981       2       org.jetbrains.kotlin.metadata.ProtoBuf$Annotation$Argument::writeTo (52 bytes)
Event: 2.345 Thread 0x0000021ab4f59c10 nmethod 2981 0x0000021a99ce3990 code [0x0000021a99ce3ba0, 0x0000021a99ce3ed8]
Event: 2.345 Thread 0x0000021ab4f59c10 2982       2       org.jetbrains.kotlin.metadata.ProtoBuf$Annotation$Argument$Value::writeTo (272 bytes)
Event: 2.346 Thread 0x0000021ab4f59c10 nmethod 2982 0x0000021a99ce4190 code [0x0000021a99ce4520, 0x0000021a99ce4f98]
Event: 2.346 Thread 0x0000021ab4f56110 nmethod 2909 0x0000021aa131bf10 code [0x0000021aa131c200, 0x0000021aa131d080]
Event: 2.346 Thread 0x0000021ab4f56110 2983       4       org.jetbrains.kotlin.metadata.ProtoBuf$Type::writeTo (354 bytes)
Event: 2.349 Thread 0x0000021ab4f59c10 2984       2       org.jetbrains.kotlin.metadata.deserialization.TypeTable::<init> (210 bytes)
Event: 2.350 Thread 0x0000021ab4f59c10 nmethod 2984 0x0000021a99ce5790 code [0x0000021a99ce5aa0, 0x0000021a99ce6668]
Event: 2.350 Thread 0x0000021ab4f59c10 2985       2       org.jetbrains.kotlin.metadata.ProtoBuf$TypeTable::hasFirstNullable (16 bytes)
Event: 2.350 Thread 0x0000021ab4f59c10 nmethod 2985 0x0000021a99ce6f10 code [0x0000021a99ce70a0, 0x0000021a99ce71b8]
Event: 2.350 Thread 0x0000021ab4f59c10 2986       2       org.jetbrains.kotlin.serialization.deserialization.DeserializationContext::<init> (170 bytes)
Event: 2.352 Thread 0x0000021ab4f59c10 nmethod 2986 0x0000021a99ce7290 code [0x0000021a99ce7780, 0x0000021a99ce9028]
Event: 2.352 Thread 0x0000021ab4f59c10 2987       2       org.jetbrains.kotlin.descriptors.impl.PackageFragmentDescriptorImpl::getContainingDeclaration (8 bytes)
Event: 2.352 Thread 0x0000021ab4f59c10 nmethod 2987 0x0000021a99ce9e10 code [0x0000021a99cea000, 0x0000021a99cea378]
Event: 2.352 Thread 0x0000021ab4f59c10 2988       2       org.jetbrains.kotlin.descriptors.impl.PackageFragmentDescriptorImpl::getContainingDeclaration (14 bytes)
Event: 2.352 Thread 0x0000021ab4f59c10 nmethod 2988 0x0000021a99cea590 code [0x0000021a99cea760, 0x0000021a99ceaa98]
Event: 2.352 Thread 0x0000021ab4f59c10 2989       1       org.jetbrains.kotlin.config.LanguageVersionSettingsImpl::getLanguageVersion (5 bytes)
Event: 2.352 Thread 0x0000021ab4f59c10 nmethod 2989 0x0000021aa131e110 code [0x0000021aa131e2a0, 0x0000021aa131e378]
Event: 2.352 Thread 0x0000021ab4f59c10 2990       2       org.jetbrains.kotlin.com.intellij.psi.AbstractFileViewProvider::getVirtualFile (14 bytes)
Event: 2.353 Thread 0x0000021ab4f59c10 nmethod 2990 0x0000021a99ceac90 code [0x0000021a99ceae20, 0x0000021a99ceaf68]

GC Heap History (20 events):
Event: 0.555 GC heap before
{Heap before GC invocations=0 (full 0):
 garbage-first heap   total 258048K, used 24576K [0x0000000704400000, 0x0000000800000000)
  region size 2048K, 11 young (22528K), 0 survivors (0K)
 Metaspace       used 13891K, committed 14080K, reserved 1114112K
  class space    used 1369K, committed 1472K, reserved 1048576K
}
Event: 0.558 GC heap after
{Heap after GC invocations=1 (full 0):
 garbage-first heap   total 258048K, used 6943K [0x0000000704400000, 0x0000000800000000)
  region size 2048K, 2 young (4096K), 2 survivors (4096K)
 Metaspace       used 13891K, committed 14080K, reserved 1114112K
  class space    used 1369K, committed 1472K, reserved 1048576K
}
Event: 0.838 GC heap before
{Heap before GC invocations=1 (full 0):
 garbage-first heap   total 258048K, used 27423K [0x0000000704400000, 0x0000000800000000)
  region size 2048K, 13 young (26624K), 2 survivors (4096K)
 Metaspace       used 21293K, committed 21504K, reserved 1114112K
  class space    used 2411K, committed 2496K, reserved 1048576K
}
Event: 0.841 GC heap after
{Heap after GC invocations=2 (full 0):
 garbage-first heap   total 258048K, used 7853K [0x0000000704400000, 0x0000000800000000)
  region size 2048K, 2 young (4096K), 2 survivors (4096K)
 Metaspace       used 21293K, committed 21504K, reserved 1114112K
  class space    used 2411K, committed 2496K, reserved 1048576K
}
Event: 1.002 GC heap before
{Heap before GC invocations=3 (full 0):
 garbage-first heap   total 34816K, used 26285K [0x0000000704400000, 0x0000000800000000)
  region size 2048K, 11 young (22528K), 2 survivors (4096K)
 Metaspace       used 22849K, committed 23104K, reserved 1114112K
  class space    used 2776K, committed 2880K, reserved 1048576K
}
Event: 1.007 GC heap after
{Heap after GC invocations=4 (full 0):
 garbage-first heap   total 36864K, used 14201K [0x0000000704400000, 0x0000000800000000)
  region size 2048K, 4 young (8192K), 4 survivors (8192K)
 Metaspace       used 22849K, committed 23104K, reserved 1114112K
  class space    used 2776K, committed 2880K, reserved 1048576K
}
Event: 1.126 GC heap before
{Heap before GC invocations=4 (full 0):
 garbage-first heap   total 36864K, used 24441K [0x0000000704400000, 0x0000000800000000)
  region size 2048K, 9 young (18432K), 4 survivors (8192K)
 Metaspace       used 25064K, committed 25216K, reserved 1114112K
  class space    used 3240K, committed 3328K, reserved 1048576K
}
Event: 1.132 GC heap after
{Heap after GC invocations=5 (full 0):
 garbage-first heap   total 36864K, used 15728K [0x0000000704400000, 0x0000000800000000)
  region size 2048K, 1 young (2048K), 1 survivors (2048K)
 Metaspace       used 25064K, committed 25216K, reserved 1114112K
  class space    used 3240K, committed 3328K, reserved 1048576K
}
Event: 1.260 GC heap before
{Heap before GC invocations=5 (full 0):
 garbage-first heap   total 36864K, used 25968K [0x0000000704400000, 0x0000000800000000)
  region size 2048K, 6 young (12288K), 1 survivors (2048K)
 Metaspace       used 27792K, committed 27968K, reserved 1114112K
  class space    used 3544K, committed 3648K, reserved 1048576K
}
Event: 1.264 GC heap after
{Heap after GC invocations=6 (full 0):
 garbage-first heap   total 36864K, used 16956K [0x0000000704400000, 0x0000000800000000)
  region size 2048K, 1 young (2048K), 1 survivors (2048K)
 Metaspace       used 27792K, committed 27968K, reserved 1114112K
  class space    used 3544K, committed 3648K, reserved 1048576K
}
Event: 1.381 GC heap before
{Heap before GC invocations=6 (full 0):
 garbage-first heap   total 36864K, used 25148K [0x0000000704400000, 0x0000000800000000)
  region size 2048K, 5 young (10240K), 1 survivors (2048K)
 Metaspace       used 29166K, committed 29376K, reserved 1114112K
  class space    used 3703K, committed 3776K, reserved 1048576K
}
Event: 1.387 GC heap after
{Heap after GC invocations=7 (full 0):
 garbage-first heap   total 36864K, used 16425K [0x0000000704400000, 0x0000000800000000)
  region size 2048K, 1 young (2048K), 1 survivors (2048K)
 Metaspace       used 29166K, committed 29376K, reserved 1114112K
  class space    used 3703K, committed 3776K, reserved 1048576K
}
Event: 1.517 GC heap before
{Heap before GC invocations=7 (full 0):
 garbage-first heap   total 36864K, used 24617K [0x0000000704400000, 0x0000000800000000)
  region size 2048K, 5 young (10240K), 1 survivors (2048K)
 Metaspace       used 30847K, committed 31104K, reserved 1114112K
  class space    used 3889K, committed 4032K, reserved 1048576K
}
Event: 1.520 GC heap after
{Heap after GC invocations=8 (full 0):
 garbage-first heap   total 147456K, used 17418K [0x0000000704400000, 0x0000000800000000)
  region size 2048K, 1 young (2048K), 1 survivors (2048K)
 Metaspace       used 30847K, committed 31104K, reserved 1114112K
  class space    used 3889K, committed 4032K, reserved 1048576K
}
Event: 1.806 GC heap before
{Heap before GC invocations=8 (full 0):
 garbage-first heap   total 147456K, used 39946K [0x0000000704400000, 0x0000000800000000)
  region size 2048K, 13 young (26624K), 1 survivors (2048K)
 Metaspace       used 35761K, committed 35968K, reserved 1114112K
  class space    used 4327K, committed 4416K, reserved 1048576K
}
Event: 1.809 GC heap after
{Heap after GC invocations=9 (full 0):
 garbage-first heap   total 147456K, used 19200K [0x0000000704400000, 0x0000000800000000)
  region size 2048K, 2 young (4096K), 2 survivors (4096K)
 Metaspace       used 35761K, committed 35968K, reserved 1114112K
  class space    used 4327K, committed 4416K, reserved 1048576K
}
Event: 2.286 GC heap before
{Heap before GC invocations=10 (full 0):
 garbage-first heap   total 75776K, used 60160K [0x0000000704400000, 0x0000000800000000)
  region size 2048K, 22 young (45056K), 2 survivors (4096K)
 Metaspace       used 41815K, committed 42048K, reserved 1114112K
  class space    used 5037K, committed 5120K, reserved 1048576K
}
Event: 2.297 GC heap after
{Heap after GC invocations=11 (full 0):
 garbage-first heap   total 75776K, used 28069K [0x0000000704400000, 0x0000000800000000)
  region size 2048K, 3 young (6144K), 3 survivors (6144K)
 Metaspace       used 41815K, committed 42048K, reserved 1114112K
  class space    used 5037K, committed 5120K, reserved 1048576K
}
Event: 2.308 GC heap before
{Heap before GC invocations=11 (full 0):
 garbage-first heap   total 75776K, used 30117K [0x0000000704400000, 0x0000000800000000)
  region size 2048K, 4 young (8192K), 3 survivors (6144K)
 Metaspace       used 41854K, committed 42048K, reserved 1114112K
  class space    used 5037K, committed 5120K, reserved 1048576K
}
Event: 2.317 GC heap after
{Heap after GC invocations=12 (full 0):
 garbage-first heap   total 75776K, used 29505K [0x0000000704400000, 0x0000000800000000)
  region size 2048K, 1 young (2048K), 1 survivors (2048K)
 Metaspace       used 41854K, committed 42048K, reserved 1114112K
  class space    used 5037K, committed 5120K, reserved 1048576K
}

Dll operation events (2 events):
Event: 0.007 Loaded shared library C:\Program Files\Android\Android Studio\jbr\bin\java.dll
Event: 0.753 Loaded shared library C:\Program Files\Android\Android Studio\jbr\bin\verify.dll

Deoptimization events (20 events):
Event: 2.138 Thread 0x0000021a9622e5c0 Uncommon trap: trap_request=0xffffff45 fr.pc=0x0000021aa12e2d78 relative=0x0000000000000558
Event: 2.138 Thread 0x0000021a9622e5c0 Uncommon trap: reason=unstable_if action=reinterpret pc=0x0000021aa12e2d78 method=org.jetbrains.org.objectweb.asm.ClassReader.readUtf(II[C)Ljava/lang/String; @ 41 c2
Event: 2.138 Thread 0x0000021a9622e5c0 DEOPT PACKING pc=0x0000021aa12e2d78 sp=0x000000a9086fa570
Event: 2.138 Thread 0x0000021a9622e5c0 DEOPT UNPACKING pc=0x0000021aa0c8a1a3 sp=0x000000a9086fa518 mode 2
Event: 2.152 Thread 0x0000021a9622e5c0 Uncommon trap: trap_request=0xffffffde fr.pc=0x0000021aa12f0280 relative=0x00000000000007a0
Event: 2.152 Thread 0x0000021a9622e5c0 Uncommon trap: reason=class_check action=maybe_recompile pc=0x0000021aa12f0280 method=org.jetbrains.kotlin.protobuf.FieldSet.isInitialized(Ljava/util/Map$Entry;)Z @ 92 c2
Event: 2.152 Thread 0x0000021a9622e5c0 DEOPT PACKING pc=0x0000021aa12f0280 sp=0x000000a9086faf90
Event: 2.152 Thread 0x0000021a9622e5c0 DEOPT UNPACKING pc=0x0000021aa0c8a1a3 sp=0x000000a9086faec8 mode 2
Event: 2.152 Thread 0x0000021a9622e5c0 Uncommon trap: trap_request=0xffffffde fr.pc=0x0000021aa12f0280 relative=0x00000000000007a0
Event: 2.152 Thread 0x0000021a9622e5c0 Uncommon trap: reason=class_check action=maybe_recompile pc=0x0000021aa12f0280 method=org.jetbrains.kotlin.protobuf.FieldSet.isInitialized(Ljava/util/Map$Entry;)Z @ 92 c2
Event: 2.152 Thread 0x0000021a9622e5c0 DEOPT PACKING pc=0x0000021aa12f0280 sp=0x000000a9086faf90
Event: 2.152 Thread 0x0000021a9622e5c0 DEOPT UNPACKING pc=0x0000021aa0c8a1a3 sp=0x000000a9086faec8 mode 2
Event: 2.155 Thread 0x0000021a9622e5c0 Uncommon trap: trap_request=0xffffffde fr.pc=0x0000021aa12f0280 relative=0x00000000000007a0
Event: 2.155 Thread 0x0000021a9622e5c0 Uncommon trap: reason=class_check action=maybe_recompile pc=0x0000021aa12f0280 method=org.jetbrains.kotlin.protobuf.FieldSet.isInitialized(Ljava/util/Map$Entry;)Z @ 92 c2
Event: 2.155 Thread 0x0000021a9622e5c0 DEOPT PACKING pc=0x0000021aa12f0280 sp=0x000000a9086fafe0
Event: 2.155 Thread 0x0000021a9622e5c0 DEOPT UNPACKING pc=0x0000021aa0c8a1a3 sp=0x000000a9086faf18 mode 2
Event: 2.155 Thread 0x0000021a9622e5c0 Uncommon trap: trap_request=0xffffffde fr.pc=0x0000021aa12f0280 relative=0x00000000000007a0
Event: 2.155 Thread 0x0000021a9622e5c0 Uncommon trap: reason=class_check action=maybe_recompile pc=0x0000021aa12f0280 method=org.jetbrains.kotlin.protobuf.FieldSet.isInitialized(Ljava/util/Map$Entry;)Z @ 92 c2
Event: 2.155 Thread 0x0000021a9622e5c0 DEOPT PACKING pc=0x0000021aa12f0280 sp=0x000000a9086fafe0
Event: 2.155 Thread 0x0000021a9622e5c0 DEOPT UNPACKING pc=0x0000021aa0c8a1a3 sp=0x000000a9086faf18 mode 2

Classes unloaded (0 events):
No events

Classes redefined (0 events):
No events

Internal exceptions (20 events):
Event: 0.621 Thread 0x0000021a9622e5c0 Exception <a 'java/lang/NoSuchMethodError'{0x0000000713b6e7c8}: 'java.lang.Object java.lang.invoke.DirectMethodHandle$Holder.invokeSpecial(java.lang.Object, java.lang.Object, java.lang.Object, java.lang.Object, long)'> (0x0000000713b6e7c8) 
thrown [s\src\hotspot\share\interpreter\linkResolver.cpp, line 771]
Event: 0.621 Thread 0x0000021a9622e5c0 Exception <a 'java/lang/NoSuchMethodError'{0x0000000713b7ddf8}: 'int java.lang.invoke.DelegatingMethodHandle$Holder.reinvoke_L(java.lang.Object, java.lang.Object, java.lang.Object, long, java.lang.Object, java.lang.Object)'> (0x0000000713b7ddf8) 
thrown [s\src\hotspot\share\interpreter\linkResolver.cpp, line 771]
Event: 0.622 Thread 0x0000021a9622e5c0 Exception <a 'java/lang/NoSuchMethodError'{0x0000000713b8c988}: 'int java.lang.invoke.DelegatingMethodHandle$Holder.reinvoke_L(java.lang.Object, java.lang.Object, java.lang.Object, long, int, int)'> (0x0000000713b8c988) 
thrown [s\src\hotspot\share\interpreter\linkResolver.cpp, line 771]
Event: 0.623 Thread 0x0000021a9622e5c0 Exception <a 'java/lang/NoSuchMethodError'{0x0000000713b9b2c0}: 'int java.lang.invoke.DelegatingMethodHandle$Holder.reinvoke_L(java.lang.Object, java.lang.Object, java.lang.Object, long, long, long)'> (0x0000000713b9b2c0) 
thrown [s\src\hotspot\share\interpreter\linkResolver.cpp, line 771]
Event: 0.623 Thread 0x0000021a9622e5c0 Exception <a 'java/lang/NoSuchMethodError'{0x0000000713ba98d8}: 'int java.lang.invoke.DelegatingMethodHandle$Holder.reinvoke_L(java.lang.Object, java.lang.Object, java.lang.Object, long, int)'> (0x0000000713ba98d8) 
thrown [s\src\hotspot\share\interpreter\linkResolver.cpp, line 771]
Event: 0.633 Thread 0x0000021a9622e5c0 Exception <a 'java/lang/NoSuchMethodError'{0x0000000713851818}: 'int java.lang.invoke.DirectMethodHandle$Holder.invokeStaticInit(java.lang.Object, java.lang.Object, java.lang.Object)'> (0x0000000713851818) 
thrown [s\src\hotspot\share\interpreter\linkResolver.cpp, line 771]
Event: 0.636 Thread 0x0000021a9622e5c0 Exception <a 'java/lang/NoSuchMethodError'{0x000000071387a660}: 'int java.lang.invoke.DirectMethodHandle$Holder.invokeStaticInit(java.lang.Object, java.lang.Object)'> (0x000000071387a660) 
thrown [s\src\hotspot\share\interpreter\linkResolver.cpp, line 771]
Event: 0.646 Thread 0x0000021a9622e5c0 Exception <a 'java/lang/NoSuchMethodError'{0x0000000713959348}: 'void java.lang.invoke.DirectMethodHandle$Holder.invokeSpecial(java.lang.Object, java.lang.Object, java.lang.Object)'> (0x0000000713959348) 
thrown [s\src\hotspot\share\interpreter\linkResolver.cpp, line 771]
Event: 0.690 Thread 0x0000021a9622e5c0 Exception <a 'java/lang/NoSuchMethodError'{0x000000071347d428}: 'void java.lang.invoke.DirectMethodHandle$Holder.invokeStatic(java.lang.Object, java.lang.Object, java.lang.Object, java.lang.Object)'> (0x000000071347d428) 
thrown [s\src\hotspot\share\interpreter\linkResolver.cpp, line 771]
Event: 0.731 Thread 0x0000021a9622e5c0 Exception <a 'java/lang/NoSuchMethodError'{0x00000007130417d8}: 'void java.lang.invoke.DirectMethodHandle$Holder.invokeStaticInit(java.lang.Object, java.lang.Object)'> (0x00000007130417d8) 
thrown [s\src\hotspot\share\interpreter\linkResolver.cpp, line 771]
Event: 0.791 Thread 0x0000021a9622e5c0 Exception <a 'java/lang/NoSuchMethodError'{0x0000000712cfee80}: 'void java.lang.invoke.DirectMethodHandle$Holder.invokeVirtual(java.lang.Object, java.lang.Object)'> (0x0000000712cfee80) 
thrown [s\src\hotspot\share\interpreter\linkResolver.cpp, line 771]
Event: 0.797 Thread 0x0000021a9622e5c0 Exception <a 'java/lang/NoSuchMethodError'{0x0000000712d79088}: 'int java.lang.invoke.DirectMethodHandle$Holder.invokeVirtual(java.lang.Object, java.lang.Object)'> (0x0000000712d79088) 
thrown [s\src\hotspot\share\interpreter\linkResolver.cpp, line 771]
Event: 0.808 Thread 0x0000021a9622e5c0 Exception <a 'java/lang/NoSuchMethodError'{0x0000000712a34780}: 'java.lang.Object java.lang.invoke.Invokers$Holder.invokeExact_MT(java.lang.Object, java.lang.Object, java.lang.Object, java.lang.Object, java.lang.Object, java.lang.Object)'> (0x0000000712a34780) 
thrown [s\src\hotspot\share\interpreter\linkResolver.cpp, line 771]
Event: 1.139 Thread 0x0000021a9622e5c0 Implicit null exception at 0x0000021aa11f3872 to 0x0000021aa11f3ec4
Event: 1.224 Thread 0x0000021a9622e5c0 Implicit null exception at 0x0000021aa11fa572 to 0x0000021aa11fabd8
Event: 1.271 Thread 0x0000021a9622e5c0 Exception <a 'java/lang/NoSuchMethodError'{0x0000000713e72f38}: 'java.lang.Object java.lang.invoke.DirectMethodHandle$Holder.invokeVirtual(java.lang.Object, java.lang.Object, java.lang.Object)'> (0x0000000713e72f38) 
thrown [s\src\hotspot\share\interpreter\linkResolver.cpp, line 771]
Event: 1.880 Thread 0x0000021a9622e5c0 Exception <a 'java/lang/NoSuchMethodError'{0x0000000708453ba8}: 'java.lang.Object java.lang.invoke.DirectMethodHandle$Holder.newInvokeSpecial(java.lang.Object, java.lang.Object, int)'> (0x0000000708453ba8) 
thrown [s\src\hotspot\share\interpreter\linkResolver.cpp, line 771]
Event: 1.958 Thread 0x0000021a9622e5c0 Exception <a 'java/lang/NoSuchMethodError'{0x00000007082eddd8}: 'java.lang.Object java.lang.invoke.DirectMethodHandle$Holder.newInvokeSpecial(java.lang.Object, java.lang.Object, java.lang.Object, int)'> (0x00000007082eddd8) 
thrown [s\src\hotspot\share\interpreter\linkResolver.cpp, line 771]
Event: 1.958 Thread 0x0000021a9622e5c0 Exception <a 'java/lang/NoSuchMethodError'{0x00000007082f2460}: 'java.lang.Object java.lang.invoke.DirectMethodHandle$Holder.invokeSpecial(java.lang.Object, java.lang.Object, java.lang.Object, java.lang.Object, int)'> (0x00000007082f2460) 
thrown [s\src\hotspot\share\interpreter\linkResolver.cpp, line 771]
Event: 1.958 Thread 0x0000021a9622e5c0 Exception <a 'java/lang/NoSuchMethodError'{0x00000007082f62d0}: 'java.lang.Object java.lang.invoke.Invokers$Holder.linkToTargetMethod(java.lang.Object, java.lang.Object, int, java.lang.Object)'> (0x00000007082f62d0) 
thrown [s\src\hotspot\share\interpreter\linkResolver.cpp, line 771]

VM Operations (20 events):
Event: 1.945 Executing VM operation: HandshakeAllThreads
Event: 1.945 Executing VM operation: HandshakeAllThreads done
Event: 1.956 Executing VM operation: HandshakeAllThreads
Event: 1.956 Executing VM operation: HandshakeAllThreads done
Event: 1.990 Executing VM operation: HandshakeAllThreads
Event: 1.990 Executing VM operation: HandshakeAllThreads done
Event: 2.017 Executing VM operation: HandshakeAllThreads
Event: 2.017 Executing VM operation: HandshakeAllThreads done
Event: 2.137 Executing VM operation: HandshakeAllThreads
Event: 2.137 Executing VM operation: HandshakeAllThreads done
Event: 2.148 Executing VM operation: HandshakeAllThreads
Event: 2.148 Executing VM operation: HandshakeAllThreads done
Event: 2.154 Executing VM operation: ICBufferFull
Event: 2.154 Executing VM operation: ICBufferFull done
Event: 2.185 Executing VM operation: HandshakeAllThreads
Event: 2.185 Executing VM operation: HandshakeAllThreads done
Event: 2.285 Executing VM operation: G1CollectForAllocation
Event: 2.297 Executing VM operation: G1CollectForAllocation done
Event: 2.308 Executing VM operation: G1CollectForAllocation
Event: 2.317 Executing VM operation: G1CollectForAllocation done

Events (20 events):
Event: 1.990 loading class java/util/AbstractList$ListItr
Event: 1.990 loading class java/util/AbstractList$ListItr done
Event: 1.996 loading class java/util/regex/Matcher
Event: 1.996 loading class java/util/regex/MatchResult
Event: 1.996 loading class java/util/regex/MatchResult done
Event: 1.996 loading class java/util/regex/Matcher done
Event: 1.996 loading class java/util/regex/IntHashSet
Event: 1.996 loading class java/util/regex/IntHashSet done
Event: 2.037 loading class java/security/AccessControlException
Event: 2.037 loading class java/security/AccessControlException done
Event: 2.051 loading class java/text/StringCharacterIterator
Event: 2.051 loading class java/text/CharacterIterator
Event: 2.051 loading class java/text/CharacterIterator done
Event: 2.051 loading class java/text/StringCharacterIterator done
Event: 2.103 loading class java/util/ArrayList$SubList$1
Event: 2.103 loading class java/util/ArrayList$SubList$1 done
Event: 2.122 loading class java/lang/annotation/ElementType
Event: 2.122 loading class java/lang/annotation/ElementType done
Event: 2.122 loading class java/lang/Override
Event: 2.122 loading class java/lang/Override done


Dynamic libraries:
0x00007ff77b9d0000 - 0x00007ff77b9da000 	C:\Program Files\Android\Android Studio\jbr\bin\java.exe
0x00007ff8fa1d0000 - 0x00007ff8fa3e7000 	C:\Windows\SYSTEM32\ntdll.dll
0x00007ff8f98e0000 - 0x00007ff8f99a4000 	C:\Windows\System32\KERNEL32.DLL
0x00007ff8f7950000 - 0x00007ff8f7cfc000 	C:\Windows\System32\KERNELBASE.dll
0x00007ff8f7500000 - 0x00007ff8f7611000 	C:\Windows\System32\ucrtbase.dll
0x00007ff8f3bc0000 - 0x00007ff8f3bd7000 	C:\Program Files\Android\Android Studio\jbr\bin\jli.dll
0x00007ff8f2950000 - 0x00007ff8f296b000 	C:\Program Files\Android\Android Studio\jbr\bin\VCRUNTIME140.dll
0x00007ff8f99b0000 - 0x00007ff8f9b5e000 	C:\Windows\System32\USER32.dll
0x00007ff8ddb10000 - 0x00007ff8ddda3000 	C:\Windows\WinSxS\amd64_microsoft.windows.common-controls_6595b64144ccf1df_6.0.22621.3672_none_2713b9d173822955\COMCTL32.dll
0x00007ff8f7620000 - 0x00007ff8f7646000 	C:\Windows\System32\win32u.dll
0x00007ff8f96d0000 - 0x00007ff8f9777000 	C:\Windows\System32\msvcrt.dll
0x00007ff8f91b0000 - 0x00007ff8f91d9000 	C:\Windows\System32\GDI32.dll
0x00007ff8f7740000 - 0x00007ff8f7859000 	C:\Windows\System32\gdi32full.dll
0x00007ff8f7d00000 - 0x00007ff8f7d9a000 	C:\Windows\System32\msvcp_win.dll
0x00007ff8fa070000 - 0x00007ff8fa0a1000 	C:\Windows\System32\IMM32.DLL
0x00007ff8f3670000 - 0x00007ff8f367c000 	C:\Program Files\Android\Android Studio\jbr\bin\vcruntime140_1.dll
0x00007ff8c7e90000 - 0x00007ff8c7f1d000 	C:\Program Files\Android\Android Studio\jbr\bin\msvcp140.dll
0x00007ff89ec00000 - 0x00007ff89f880000 	C:\Program Files\Android\Android Studio\jbr\bin\server\jvm.dll
0x00007ff8f9790000 - 0x00007ff8f9842000 	C:\Windows\System32\ADVAPI32.dll
0x00007ff8f9bc0000 - 0x00007ff8f9c6a000 	C:\Windows\System32\sechost.dll
0x00007ff8f7710000 - 0x00007ff8f7738000 	C:\Windows\System32\bcrypt.dll
0x00007ff8f9dd0000 - 0x00007ff8f9ee5000 	C:\Windows\System32\RPCRT4.dll
0x00007ff8f0310000 - 0x00007ff8f0344000 	C:\Windows\SYSTEM32\WINMM.dll
0x00007ff8ed7b0000 - 0x00007ff8ed7ba000 	C:\Windows\SYSTEM32\VERSION.dll
0x00007ff8d4490000 - 0x00007ff8d4499000 	C:\Windows\SYSTEM32\WSOCK32.dll
0x00007ff8f9d00000 - 0x00007ff8f9d71000 	C:\Windows\System32\WS2_32.dll
0x00007ff8f65e0000 - 0x00007ff8f65f8000 	C:\Windows\SYSTEM32\kernel.appcore.dll
0x00007ff8f4c80000 - 0x00007ff8f4c8a000 	C:\Program Files\Android\Android Studio\jbr\bin\jimage.dll
0x00007ff8f4970000 - 0x00007ff8f4ba2000 	C:\Windows\SYSTEM32\DBGHELP.DLL
0x00007ff8f8e20000 - 0x00007ff8f91a8000 	C:\Windows\System32\combase.dll
0x00007ff8fa0b0000 - 0x00007ff8fa187000 	C:\Windows\System32\OLEAUT32.dll
0x00007ff8e9870000 - 0x00007ff8e98a2000 	C:\Windows\SYSTEM32\dbgcore.DLL
0x00007ff8f78d0000 - 0x00007ff8f794b000 	C:\Windows\System32\bcryptPrimitives.dll
0x00007ff8f4370000 - 0x00007ff8f4395000 	C:\Program Files\Android\Android Studio\jbr\bin\java.dll
0x00007ff8f3f20000 - 0x00007ff8f3f38000 	C:\Program Files\Android\Android Studio\jbr\bin\zip.dll
0x00007ff8f8140000 - 0x00007ff8f899c000 	C:\Windows\System32\SHELL32.dll
0x00007ff8f5410000 - 0x00007ff8f5d07000 	C:\Windows\SYSTEM32\windows.storage.dll
0x00007ff8f52d0000 - 0x00007ff8f540f000 	C:\Windows\SYSTEM32\wintypes.dll
0x00007ff8f9550000 - 0x00007ff8f9644000 	C:\Windows\System32\SHCORE.dll
0x00007ff8f9670000 - 0x00007ff8f96ce000 	C:\Windows\System32\shlwapi.dll
0x00007ff8f7430000 - 0x00007ff8f7451000 	C:\Windows\SYSTEM32\profapi.dll
0x00007ff8f3de0000 - 0x00007ff8f3df9000 	C:\Program Files\Android\Android Studio\jbr\bin\net.dll
0x00007ff8f1630000 - 0x00007ff8f1766000 	C:\Windows\SYSTEM32\WINHTTP.dll
0x00007ff8f6a40000 - 0x00007ff8f6aa9000 	C:\Windows\system32\mswsock.dll
0x00007ff8f3c90000 - 0x00007ff8f3ca6000 	C:\Program Files\Android\Android Studio\jbr\bin\nio.dll
0x00007ff8f4c50000 - 0x00007ff8f4c60000 	C:\Program Files\Android\Android Studio\jbr\bin\verify.dll

dbghelp: loaded successfully - version: 4.0.5 - missing functions: none
symbol engine: initialized successfully - sym options: 0x614 - pdb path: .;C:\Program Files\Android\Android Studio\jbr\bin;C:\Windows\SYSTEM32;C:\Windows\WinSxS\amd64_microsoft.windows.common-controls_6595b64144ccf1df_6.0.22621.3672_none_2713b9d173822955;C:\Program Files\Android\Android Studio\jbr\bin\server

VM Arguments:
java_command: org.jetbrains.kotlin.cli.jvm.K2JVMCompiler @D:\AndroidProjectFiles\KDAppication\app\build\20240703_4006530031243035244.compiler.options
java_class_path (initial): C:\Users\ASUS\.gradle\caches\modules-2\files-2.1\org.jetbrains.kotlin\kotlin-compiler-embeddable\1.9.22\9cd4dc7773cf2a99ecd961a88fbbc9a2da3fb5e1\kotlin-compiler-embeddable-1.9.22.jar;C:\Users\ASUS\.gradle\caches\modules-2\files-2.1\org.jetbrains.kotlin\kotlin-stdlib\1.9.22\d6c44cd08d8f3f9bece8101216dbe6553365c6e3\kotlin-stdlib-1.9.22.jar;C:\Users\ASUS\.gradle\caches\modules-2\files-2.1\org.jetbrains.kotlin\kotlin-script-runtime\1.9.22\f8139a46fc677ec9badc49ae954392f4f5e7e7c7\kotlin-script-runtime-1.9.22.jar;C:\Users\ASUS\.gradle\caches\modules-2\files-2.1\org.jetbrains.kotlin\kotlin-reflect\1.6.10\1cbe9c92c12a94eea200d23c2bbaedaf3daf5132\kotlin-reflect-1.6.10.jar;C:\Users\ASUS\.gradle\caches\modules-2\files-2.1\org.jetbrains.kotlin\kotlin-daemon-embeddable\1.9.22\20e2c5df715f3240c765cfc222530e2796542021\kotlin-daemon-embeddable-1.9.22.jar;C:\Users\ASUS\.gradle\caches\modules-2\files-2.1\org.jetbrains.intellij.deps\trove4j\1.0.20200330\3afb14d5f9ceb459d724e907a21145e8ff394f02\trove4j-1.0.20200330.jar;C:\Users\ASUS\.gradle\caches\modules-2\files-2.1\org.jetbrains\annotations\13.0\919f0dfe192fb4e063e7dacadee7f8bb9a2672a9\annotations-13.0.jar
Launcher Type: SUN_STANDARD

[Global flags]
     intx CICompilerCount                          = 4                                         {product} {ergonomic}
     uint ConcGCThreads                            = 3                                         {product} {ergonomic}
     uint G1ConcRefinementThreads                  = 10                                        {product} {ergonomic}
   size_t G1HeapRegionSize                         = 2097152                                   {product} {ergonomic}
    uintx GCDrainStackTargetSize                   = 64                                        {product} {ergonomic}
   size_t InitialHeapSize                          = 264241152                                 {product} {ergonomic}
   size_t MarkStackSize                            = 4194304                                   {product} {ergonomic}
   size_t MaxHeapSize                              = 4223664128                                {product} {ergonomic}
   size_t MaxNewSize                               = 2533359616                                {product} {ergonomic}
   size_t MinHeapDeltaBytes                        = 2097152                                   {product} {ergonomic}
   size_t MinHeapSize                              = 8388608                                   {product} {ergonomic}
    uintx NonNMethodCodeHeapSize                   = 5839372                                {pd product} {ergonomic}
    uintx NonProfiledCodeHeapSize                  = 122909434                              {pd product} {ergonomic}
    uintx ProfiledCodeHeapSize                     = 122909434                              {pd product} {ergonomic}
    uintx ReservedCodeCacheSize                    = 251658240                              {pd product} {ergonomic}
     bool SegmentedCodeCache                       = true                                      {product} {ergonomic}
   size_t SoftMaxHeapSize                          = 4223664128                             {manageable} {ergonomic}
     bool UseCompressedClassPointers               = true                           {product lp64_product} {ergonomic}
     bool UseCompressedOops                        = true                           {product lp64_product} {ergonomic}
     bool UseG1GC                                  = true                                      {product} {ergonomic}
     bool UseLargePagesIndividualAllocation        = false                                  {pd product} {ergonomic}

Logging:
Log output configuration:
 #0: stdout all=warning uptime,level,tags
 #1: stderr all=off uptime,level,tags

Environment Variables:
PATH=C:\Python312\Scripts\;C:\Python312\;C:\Program Files\Common Files\Oracle\Java\javapath;C:\Windows\system32;C:\Windows;C:\Windows\System32\Wbem;C:\Windows\System32\WindowsPowerShell\v1.0\;C:\Windows\System32\OpenSSH\;C:\Program Files (x86)\NVIDIA Corporation\PhysX\Common;C:\Program Files\NVIDIA Corporation\NVIDIA NvDLISR;C:\php 3.0.4;C:\Program Files\dotnet\;C:\xampp\php;C:\Program Files\Git\cmd;C:\ProgramData\chocolatey\bin;C:\Program Files\java\jdk-17.0.5\bin;C:\Program Files\nodejs\;C:\Program Files\MongoDB\Server\7.0\bin;C:\sqlite;C:\Users\ASUS\AppData\Local\Programs\Microsoft VS Code\bin;C:\Users\ASUS\AppData\Roaming\npm;C:\Program Files\JetBrains\IntelliJ IDEA Community Edition 2024.1\bin;;C:\Users\ASUS\AppData\Local\GitHubDesktop\bin;C:\Program Files\mongosh\
USERNAME=ASUS
OS=Windows_NT
PROCESSOR_IDENTIFIER=Intel64 Family 6 Model 141 Stepping 1, GenuineIntel
TMP=C:\Users\ASUS\AppData\Local\Temp
TEMP=C:\Users\ASUS\AppData\Local\Temp


JNI global refs:
JNI global refs: 11, weak refs: 17

JNI global refs memory usage: 843, weak refs: 841

OOME stack traces (most recent first):
Classloader memory used:
Loader jdk.internal.loader.ClassLoaders$AppClassLoader                                 : 4010K
Loader bootstrap                                                                       : 1253K
Loader jdk.internal.reflect.DelegatingClassLoader                                      : 3083B


---------------  S Y S T E M  ---------------

OS:
 Windows 11 , 64 bit Build 22621 (10.0.22621.3672)
OS uptime: 6 days 2:03 hours
Hyper-V role detected

CPU: total 12 (initial active 12) (6 cores per cpu, 2 threads per core) family 6 model 141 stepping 1 microcode 0x34, cx8, cmov, fxsr, ht, mmx, 3dnowpref, sse, sse2, sse3, ssse3, sse4.1, sse4.2, popcnt, lzcnt, tsc, tscinvbit, avx, avx2, aes, erms, clmul, bmi1, bmi2, adx, avx512f, avx512dq, avx512cd, avx512bw, avx512vl, sha, fma, vzeroupper, avx512_vpopcntdq, avx512_vpclmulqdq, avx512_vaes, avx512_vnni, clflush, clflushopt, clwb, avx512_vbmi2, avx512_vbmi, hv

Memory: 4k page, system-wide physical 16105M (2735M free)
TotalPageFile size 41768M (AvailPageFile size 5M)
current process WorkingSet (physical memory assigned to process): 200M, peak: 201M
current process commit charge ("private bytes"): 242M, peak: 365M

vm_info: OpenJDK 64-Bit Server VM (17.0.7+0-b2043.56-10550314) for windows-amd64 JRE (17.0.7+0-b2043.56-10550314), built on Jul 24 2023 18:27:45 by "androidbuild" with MS VC++ 16.10 / 16.11 (VS2019)

END.
