JvmtiExport can_access_local_variables 0
JvmtiExport can_hotswap_or_post_breakpoint 0
JvmtiExport can_post_on_exceptions 0
# 174 ciObject found
ciInstanceKlass java/lang/StringUTF16 1 1 598 100 1 7 1 10 100 12 1 1 1 100 1 10 7 1 3 100 1 100 1 10 8 1 10 12 1 1 10 12 1 8 1 10 12 1 1 10 12 1 9 12 1 1 10 12 1 1 100 1 8 1 10 12 1 9 12 1 1 9 12 1 10 10 12 1 1 10 12 1 1 10 100 12 1 1 1 10 12 1 10 12 1 1 10 12 1 1 10 12 1 1 10 12 1 1 10 12 1 10 12 1 1 10 12 1 1 10 12 1 1 10 12 1 1 10 12 1 10 12 1 10 12 1 1 10 12 1 100 1 10 12 1 10 10 12 1 1 10 12 1 10 12 1 1 10 12 1 10 100 12 1 1 1 10 100 12 1 1 1 10 12 10 12 1 1 10 12 1 10 12 1 1 10 12 1 1 10 12 1 10 12 1 10 12 1 3 10 12 1 1 10 12 1 10 12 1 10 12 1 10 12 1 10 12 1 10 12 1 1 9 12 1 10 12 1 10 12 1 10 12 1 10 12 1 10 12 1 10 10 12 10 12 10 10 100 12 1 1 1 10 7 12 1 1 1 10 12 1 10 12 1 100 1 8 1 8 1 10 12 1 1 100 1 10 10 100 12 1 1 1 10 100 12 1 1 8 1 8 1 8 1 10 12 1 1 10 12 1 1 10 12 10 12 1 10 100 12 1 1 10 12 1 1 10 12 1 1 10 12 1 10 12 10 12 10 12 1 10 12 10 12 1 10 12 1 10 12 1 10 12 1 10 12 1 10 100 12 1 1 1 10 100 12 1 1 1 10 12 1 1 10 12 1 1 11 100 12 1 1 10 12 1 10 12 1 10 12 1 1 9 12 1 1 9 12 1 5 0 5 0 10 12 1 10 12 10 12 10 7 12 1 1 1 10 12 1 1 1 1 1 1 1 1 1 1 1 1 1 1 1 1 1 1 1 1 1 1 1 1 1 1 1 1 1 1 1 100 1 1 1 1 1 1 1 1 1 1 1 1 1 1 1 1 1 1 1 1 1 1 1 1 1 1 1 1 1 1 1 1 1 1 1 1 1 1 1 1 1 1 1 1 1 1 1 1 1 1 1 1 1 1 1 1 1 1 1 1 1 1 1 1 1 1 1 1 1 1 1 1 1 1 1 1 1 1 1 1 1 1 100 1 1 1 1 1 1 1 1 1 1 1 1 1 1 1 1 1 100 1 1 1 1 1 1 1 1 1 1 1 1 1 1 1 1 1 1 1 1 1 1 1 1 1 1 1 1 1 1 1 1 1 1 1 1 1 1 1 1 1 1 1 1 1 1 1 1 1 1 1 1 1 1 1 1 1 1 1 1 1 100 1 100 1 1 1 1 1
staticfield java/lang/StringUTF16 HI_BYTE_SHIFT I 0
staticfield java/lang/StringUTF16 LO_BYTE_SHIFT I 8
staticfield java/lang/StringUTF16 $assertionsDisabled Z 1
instanceKlass org/gradle/internal/serialize/NestedExceptionPlaceholder
instanceKlass org/gradle/api/internal/tasks/DefaultTaskCollection$1$1$1
instanceKlass org/gradle/kotlin/dsl/KotlinDependencyExtensionsKt
instanceKlass org/gradle/internal/serialize/ExceptionPlaceholder$2
instanceKlass org/gradle/internal/serialize/ExceptionPlaceholder$Java14NullPointerExceptionUsefulMessageSupport
instanceKlass org/gradle/internal/serialize/StackTraceElementPlaceholder
instanceKlass org/gradle/internal/exceptions/Contextual
instanceKlass org/gradle/internal/serialize/ExceptionReplacingObjectOutputStream$2
instanceKlass org/gradle/internal/serialize/PlaceholderExceptionSupport
instanceKlass org/gradle/internal/serialize/Message
instanceKlass org/gradle/kotlin/dsl/tooling/builders/EditorReportsBuilderKt
instanceKlass org/gradle/kotlin/dsl/resolver/SourcePathProvider$WhenMappings
instanceKlass org/gradle/kotlin/dsl/support/Match
instanceKlass org/gradle/kotlin/dsl/support/KotlinScriptTypeMatch$Companion
instanceKlass org/gradle/kotlin/dsl/support/KotlinScriptTypeMatch
instanceKlass java/lang/StackTraceElement$HashedModules
instanceKlass java/lang/Throwable$PrintStreamOrWriter
instanceKlass org/gradle/internal/execution/steps/CaptureStateAfterExecutionStep$Operation$Details$1
instanceKlass org/gradle/internal/execution/steps/CaptureStateAfterExecutionStep$Operation$Details
instanceKlass org/gradle/internal/execution/steps/ExecuteStep$Operation$Result$1
instanceKlass org/gradle/internal/execution/steps/ExecuteStep$Operation$Result
instanceKlass kotlin/io/ByteStreamsKt
instanceKlass kotlin/collections/CollectionsKt__IteratorsJVMKt$iterator$1
instanceKlass org/gradle/kotlin/dsl/support/ZipKt
instanceKlass org/gradle/api/internal/artifacts/transform/TransformationResult$Builder$ProducedOutput
instanceKlass org/gradle/api/internal/artifacts/transform/TransformationResult$Builder$TransformationOutput
instanceKlass org/gradle/api/internal/artifacts/transform/TransformationResult$Builder
instanceKlass org/gradle/api/internal/artifacts/transform/TransformationResult$OutputTypeInferringBuilder
instanceKlass org/gradle/api/internal/artifacts/transform/TransformationResult
instanceKlass org/gradle/api/internal/artifacts/transform/TransformationResult$TransformationOutputVisitor
instanceKlass org/gradle/api/internal/artifacts/transform/DefaultTransformOutputs
instanceKlass org/gradle/api/internal/artifacts/transform/TransformOutputsInternal
instanceKlass org/gradle/api/internal/artifacts/transform/DefaultTransformer$TransformServiceLookup$InjectionPoint
instanceKlass org/gradle/api/internal/artifacts/transform/DefaultTransformer$TransformServiceLookup
instanceKlass org/gradle/api/internal/artifacts/transform/DefaultTransformerInvocationFactory$AbstractTransformerExecution$1
instanceKlass org/gradle/internal/execution/steps/ExecuteStep$2
instanceKlass org/gradle/internal/execution/steps/ExecuteStep$1$1
instanceKlass org/gradle/internal/execution/steps/ExecuteStep$Operation$Details
instanceKlass org/gradle/internal/execution/steps/ExecuteStep$1
instanceKlass org/gradle/internal/execution/steps/RemovePreviousOutputsStep$3
instanceKlass org/gradle/internal/execution/steps/RemovePreviousOutputsStep$2
instanceKlass org/gradle/internal/execution/steps/CreateOutputsStep$2
instanceKlass org/gradle/internal/execution/steps/CreateOutputsStep$1
instanceKlass org/gradle/internal/vfs/impl/VersionHierarchy$2
instanceKlass org/gradle/internal/execution/steps/CaptureStateAfterExecutionStep$1
instanceKlass org/gradle/internal/execution/history/changes/ExecutionStateChanges$2
instanceKlass org/gradle/internal/execution/history/changes/DefaultFileChange
instanceKlass org/gradle/api/tasks/incremental/InputFileDetails
instanceKlass org/gradle/work/FileChange
instanceKlass org/gradle/internal/fingerprint/FileCollectionFingerprint$1
instanceKlass org/gradle/internal/Deferrable$1
instanceKlass org/gradle/internal/Deferrable$3
instanceKlass org/gradle/api/internal/artifacts/transform/DefaultTransformerInvocationFactory$ImmutableTransformationWorkspaceIdentity
instanceKlass org/gradle/internal/execution/UnitOfWork$WorkOutput
instanceKlass org/gradle/api/internal/artifacts/transform/DefaultTransformerInvocationFactory$AbstractTransformerExecution
instanceKlass org/gradle/internal/Deferrable
instanceKlass org/gradle/api/internal/artifacts/transform/TransformationSubject
instanceKlass org/gradle/api/internal/artifacts/ivyservice/resolveengine/artifact/EndCollection
instanceKlass org/gradle/api/internal/artifacts/transform/TransformingAsyncArtifactListener$TransformedArtifact
instanceKlass org/gradle/api/internal/artifacts/transform/TransformingAsyncArtifactListener$1
instanceKlass org/gradle/api/internal/artifacts/transform/TransformingAsyncArtifactListener
instanceKlass org/gradle/api/internal/artifacts/transform/DefaultTransformer$IsolatedParameters
instanceKlass org/gradle/api/internal/artifacts/transform/AbstractTransformedArtifactSet$CalculateArtifacts
instanceKlass org/gradle/api/internal/artifacts/transform/DefaultTransformUpstreamDependenciesResolver$2
instanceKlass org/gradle/api/internal/artifacts/transform/DefaultTransformUpstreamDependenciesResolver$1
instanceKlass org/gradle/api/internal/artifacts/transform/ArtifactTransformDependencies
instanceKlass org/gradle/api/internal/artifacts/transform/DefaultTransformUpstreamDependenciesResolver
instanceKlass org/gradle/api/internal/artifacts/transform/BoundTransformationStep
instanceKlass org/gradle/api/internal/artifacts/transform/TransformedVariant
instanceKlass org/gradle/api/internal/artifacts/transform/ConsumerProvidedVariantFinder$CachedVariant
instanceKlass org/gradle/api/internal/artifacts/transform/TransformationChain
instanceKlass org/gradle/api/internal/artifacts/transform/DefaultVariantDefinition
instanceKlass org/gradle/api/internal/artifacts/transform/ConsumerProvidedVariantFinder$ChainNode
instanceKlass org/gradle/api/internal/artifacts/transform/ConsumerProvidedVariantFinder$CachingAttributeMatcher$CacheKey
instanceKlass org/gradle/api/internal/artifacts/transform/ConsumerProvidedVariantFinder$ChainState
instanceKlass org/gradle/api/internal/artifacts/transform/ConsumerProvidedVariantFinder$TransformationCache$CacheKey
instanceKlass org/gradle/api/internal/artifacts/ivyservice/resolveengine/artifact/ArtifactSetFactory$SingleArtifactVariantIdentifier
instanceKlass org/gradle/internal/component/external/model/ivy/IvyConfigurationHelper
instanceKlass org/gradle/internal/component/external/model/ivy/IvyModuleResolveMetadata
instanceKlass org/gradle/internal/component/external/descriptor/Artifact
instanceKlass org/gradle/api/internal/artifacts/repositories/metadata/IvyMetadataArtifactProvider
instanceKlass org/gradle/api/internal/artifacts/repositories/metadata/DefaultArtifactMetadataSource
instanceKlass org/gradle/api/internal/artifacts/repositories/descriptor/IvyRepositoryDescriptor$Resource
instanceKlass org/gradle/kotlin/dsl/support/MapsKt
instanceKlass org/gradle/kotlin/dsl/accessors/runtime/RuntimeKt
instanceKlass org/gradle/kotlin/dsl/DependencyHandlerExtensionsKt
instanceKlass org/gradle/kotlin/dsl/resolver/FindGradleSources
instanceKlass org/gradle/kotlin/dsl/resolver/SourceDistributionResolver$registerTransforms$2
instanceKlass org/gradle/kotlin/dsl/resolver/UnzipDistribution
instanceKlass org/gradle/kotlin/dsl/resolver/SourceDistributionResolver$registerTransforms$1
instanceKlass org/gradle/kotlin/dsl/resolver/SourceDistributionResolver$createSourceRepository$1$2
instanceKlass org/gradle/kotlin/dsl/resolver/SourceDistributionResolver$createSourceRepository$1$1
instanceKlass org/gradle/api/internal/artifacts/repositories/DefaultIvyArtifactRepository$IvyMetadataSources
instanceKlass org/gradle/api/internal/artifacts/repositories/DefaultIvyArtifactRepository$MetaDataProvider
instanceKlass org/gradle/api/artifacts/repositories/IvyPatternRepositoryLayout
instanceKlass org/gradle/api/artifacts/repositories/IvyArtifactRepositoryMetaDataProvider
instanceKlass org/gradle/api/artifacts/repositories/IvyArtifactRepository$MetadataSources
instanceKlass org/gradle/api/internal/artifacts/repositories/layout/AbstractRepositoryLayout
instanceKlass org/gradle/api/artifacts/repositories/RepositoryLayout
instanceKlass org/gradle/api/internal/project/DefaultProject$DetachedDependencyResolutionDomainObjectContext
instanceKlass org/gradle/api/internal/project/DefaultProject$LocalDetachedResolver
instanceKlass org/gradle/api/internal/project/DefaultProject$3
instanceKlass org/gradle/kotlin/dsl/resolver/SourceDistributionResolver$createSourceRepository$1
instanceKlass org/gradle/kotlin/dsl/support/ClassPathExtensionsKt
instanceKlass org/gradle/kotlin/dsl/resolver/SourceDistributionResolver$Companion
instanceKlass org/gradle/kotlin/dsl/resolver/SourceDistributionResolver
instanceKlass org/gradle/kotlin/dsl/resolver/SourceDistributionProvider
instanceKlass org/gradle/kotlin/dsl/resolver/SourcePathProvider
instanceKlass org/gradle/kotlin/dsl/tooling/builders/StandardKotlinBuildScriptModel
instanceKlass org/gradle/kotlin/dsl/tooling/models/KotlinBuildScriptModel
instanceKlass org/gradle/kotlin/dsl/tooling/builders/KotlinLibSourcesKt$classpathDependenciesOf$1
instanceKlass kotlin/collections/AbstractList$IteratorImpl
instanceKlass org/gradle/kotlin/dsl/tooling/builders/KotlinLibSourcesKt
instanceKlass org/gradle/kotlin/dsl/tooling/builders/KotlinScriptTargetModelBuilder
instanceKlass org/gradle/kotlin/dsl/tooling/builders/KotlinBuildScriptModelBuilderKt
instanceKlass org/gradle/kotlin/dsl/tooling/builders/KotlinBuildScriptModelParameter
instanceKlass org/gradle/kotlin/dsl/tooling/builders/KotlinDslScriptsParameter
instanceKlass org/gradle/kotlin/dsl/tooling/builders/KotlinDslScriptsModelBuilderKt
instanceKlass org/jetbrains/plugins/gradle/model/GradleConvention
instanceKlass org/gradle/api/internal/artifacts/ivyservice/ShortCircuitEmptyConfigurationResolver$EmptyResolvedConfiguration$1
instanceKlass org/jetbrains/kotlin/gradle/internal/ParcelizeSubplugin
instanceKlass com/intellij/openapi/externalSystem/model/project/dependencies/ProjectDependenciesImpl
instanceKlass org/jetbrains/kotlin/idea/gradleTooling/UtilsKt
instanceKlass org/jetbrains/kotlin/idea/gradleTooling/reflect/GradleReflectionLogger
instanceKlass org/jetbrains/kotlin/idea/gradleTooling/reflect/ReflectionLogger
instanceKlass org/jetbrains/kotlin/idea/gradleTooling/reflect/ReflectionKt
instanceKlass org/jetbrains/kotlin/idea/gradleTooling/reflect/KotlinExtensionReflection$Companion
instanceKlass org/jetbrains/kotlin/idea/gradleTooling/reflect/KotlinExtensionReflection
instanceKlass org/jetbrains/plugins/gradle/tooling/internal/VersionCatalogsModelImpl
instanceKlass org/gradle/internal/classpath/intercept/AbstractInvocation
instanceKlass org/jetbrains/plugins/gradle/model/DefaultDependencyAccessorsModel
instanceKlass org/jetbrains/plugins/gradle/tooling/serialization/ExternalTestsSerializationService$1
instanceKlass org/jetbrains/plugins/gradle/model/tests/ExternalTestSourceMapping
instanceKlass org/jetbrains/plugins/gradle/tooling/serialization/GradleExtensionsSerializationService$3
instanceKlass org/jetbrains/plugins/gradle/tooling/serialization/GradleExtensionsSerializationService$2
instanceKlass org/jetbrains/plugins/gradle/model/tests/DefaultExternalTestsModel
instanceKlass org/jetbrains/plugins/gradle/tooling/serialization/GradleExtensionsSerializationService$1
instanceKlass org/jetbrains/plugins/gradle/model/GradleConvention
instanceKlass org/jetbrains/plugins/gradle/model/GradleConfiguration
instanceKlass org/jetbrains/plugins/gradle/model/ExternalTask
instanceKlass org/jetbrains/plugins/gradle/model/GradleExtension
instanceKlass org/jetbrains/plugins/gradle/model/GradleExtension
instanceKlass org/codehaus/groovy/runtime/callsite/BooleanReturningMethodInvoker
instanceKlass org/jetbrains/plugins/gradle/model/DefaultGradleProperty
instanceKlass jdk/internal/ValueBased
instanceKlass org/codehaus/groovy/runtime/typehandling/NumberMathModificationInfo
instanceKlass org/jetbrains/plugins/gradle/model/DefaultGradleConfiguration
instanceKlass org/jetbrains/plugins/gradle/model/GradleConfiguration
instanceKlass org/jetbrains/plugins/gradle/tooling/util/GradleContainerUtil
instanceKlass org/jetbrains/plugins/gradle/model/DefaultGradleExtensions
instanceKlass org/jetbrains/plugins/gradle/tooling/serialization/BuildScriptClasspathModelSerializationService$1
instanceKlass org/jetbrains/plugins/gradle/tooling/internal/ClasspathEntryModelImpl
instanceKlass org/jetbrains/plugins/gradle/tooling/util/DependencyTraverser$Itr
instanceKlass org/jetbrains/plugins/gradle/tooling/util/DependencyTraverser
instanceKlass org/jetbrains/plugins/gradle/tooling/util/resolve/DependencyResolverImpl$4$1
instanceKlass org/jetbrains/plugins/gradle/tooling/util/resolve/DependencyResolverImpl$4
instanceKlass org/gradle/internal/impldep/com/google/common/base/ExtraObjectsMethodsForWeb
instanceKlass org/jetbrains/plugins/gradle/DefaultExternalDependencyId
instanceKlass org/jetbrains/plugins/gradle/tooling/util/BooleanBiFunction
instanceKlass org/jetbrains/plugins/gradle/tooling/util/BiFunction
instanceKlass org/jetbrains/plugins/gradle/ExternalDependencyId
instanceKlass org/codehaus/groovy/runtime/typehandling/ShortTypeHandling
instanceKlass org/gradle/api/internal/artifacts/result/DefaultArtifactResolutionResult
instanceKlass org/gradle/api/internal/artifacts/ivyservice/modulecache/artifacts/DefaultCachedArtifacts
instanceKlass org/gradle/api/internal/artifacts/ivyservice/modulecache/artifacts/AbstractArtifactsCache$ModuleArtifactsCacheEntry
instanceKlass org/gradle/api/internal/artifacts/ivyservice/modulecache/artifacts/ArtifactsAtRepositoryKey
instanceKlass org/gradle/api/internal/artifacts/result/DefaultComponentArtifactsResult
instanceKlass org/gradle/api/artifacts/result/ArtifactResolutionResult
instanceKlass org/gradle/internal/resolve/result/BuildableArtifactSetResolveResult
instanceKlass org/gradle/api/artifacts/result/ComponentArtifactsResult
instanceKlass org/gradle/api/internal/artifacts/query/DefaultArtifactResolutionQuery
instanceKlass org/jetbrains/plugins/gradle/tooling/util/ModuleIdentifierImpl
instanceKlass org/jetbrains/plugins/gradle/tooling/util/ModuleComponentIdentifierImpl
instanceKlass org/apache/commons/lang/ObjectUtils$Null
instanceKlass org/apache/commons/lang/exception/Nestable
instanceKlass org/apache/commons/lang/ObjectUtils
instanceKlass org/gradle/api/internal/artifacts/DefaultResolvedDependency$ResolvedArtifactComparator
instanceKlass org/gradle/api/internal/artifacts/ivyservice/ArtifactCollectingVisitor
instanceKlass org/gradle/tooling/model/idea/IdeaModule
instanceKlass org/gradle/api/internal/artifacts/ivyservice/resolveengine/oldresult/DefaultTransientConfigurationResults
instanceKlass com/amazon/ion/impl/bin/IonRawBinaryWriter$PatchList$1
instanceKlass com/amazon/ion/impl/bin/IonRawBinaryWriter$PatchList$Node
instanceKlass com/amazon/ion/impl/bin/IonRawBinaryWriter$PatchPoint
instanceKlass com/amazon/ion/impl/bin/IonRawBinaryWriter$ContainerInfo
instanceKlass org/gradle/api/internal/artifacts/DefaultResolvedDependency
instanceKlass org/gradle/internal/impldep/gnu/trove/PrimeFinder
instanceKlass org/gradle/api/internal/artifacts/DependencyGraphNodeResult
instanceKlass org/jetbrains/plugins/gradle/tooling/serialization/RepositoriesModelSerializationService$1
instanceKlass com/amazon/ion/impl/bin/IonManagedBinaryWriter$ImportDescriptor
instanceKlass org/gradle/api/internal/artifacts/ivyservice/ErrorHandlingConfigurationResolver$ErrorHandlingLenientConfiguration
instanceKlass com/amazon/ion/impl/bin/IonRawBinaryWriter$1
instanceKlass com/amazon/ion/impl/bin/IonRawBinaryWriter$RecyclingStack
instanceKlass com/amazon/ion/impl/bin/IonRawBinaryWriter$PatchList
instanceKlass org/gradle/api/internal/artifacts/result/DefaultResolvedArtifactResult
instanceKlass com/amazon/ion/impl/bin/WriteBuffer
instanceKlass com/amazon/ion/impl/bin/Block
instanceKlass com/amazon/ion/impl/_Private_SymtabExtendsCache
instanceKlass com/amazon/ion/impl/lite/ContainerlessContext
instanceKlass org/gradle/api/internal/artifacts/ivyservice/ResolvedArtifactCollectingVisitor
instanceKlass com/amazon/ion/impl/lite/IonLoaderLite
instanceKlass com/amazon/ion/impl/LocalSymbolTable
instanceKlass org/jetbrains/plugins/gradle/tooling/util/resolve/DependencyResolverImpl$3
instanceKlass org/gradle/plugins/ide/internal/IdePlugin
instanceKlass com/amazon/ion/impl/LocalSymbolTableAsStruct$Factory
instanceKlass com/amazon/ion/IonDatagram
instanceKlass com/amazon/ion/IonLoader
instanceKlass com/amazon/ion/IonSexp
instanceKlass com/amazon/ion/impl/lite/IonContext
instanceKlass com/amazon/ion/impl/_Private_IonContainer
instanceKlass org/jetbrains/plugins/gradle/tooling/internal/BuildScriptClasspathModelImpl
instanceKlass com/amazon/ion/impl/_Private_IonSymbol
instanceKlass com/amazon/ion/IonTimestamp
instanceKlass com/amazon/ion/IonNull
instanceKlass com/amazon/ion/impl/lite/IonValueLite
instanceKlass com/amazon/ion/impl/_Private_IonValue
instanceKlass com/amazon/ion/IonStruct
instanceKlass com/amazon/ion/IonInt
instanceKlass com/amazon/ion/IonBool
instanceKlass com/amazon/ion/IonClob
instanceKlass com/amazon/ion/IonFloat
instanceKlass com/amazon/ion/IonBlob
instanceKlass com/amazon/ion/IonLob
instanceKlass com/amazon/ion/IonSymbol
instanceKlass com/amazon/ion/IonDecimal
instanceKlass com/amazon/ion/IonNumber
instanceKlass com/amazon/ion/IonList
instanceKlass com/amazon/ion/IonSequence
instanceKlass com/amazon/ion/IonContainer
instanceKlass org/jetbrains/plugins/gradle/tooling/util/SourceSetCachedFinder$2
instanceKlass com/amazon/ion/IonString
instanceKlass com/amazon/ion/IonText
instanceKlass com/amazon/ion/impl/lite/ValueFactoryLite
instanceKlass com/amazon/ion/impl/_Private_ValueFactory
instanceKlass com/amazon/ion/impl/_Private_IonSystem
instanceKlass org/jetbrains/plugins/gradle/tooling/util/SourceSetCachedFinder$ArtifactsMap
instanceKlass com/amazon/ion/IonSystem
instanceKlass com/amazon/ion/impl/lite/_Private_LiteDomTrampoline
instanceKlass org/jetbrains/plugins/gradle/tooling/util/SourceSetCachedFinder$1
instanceKlass com/amazon/ion/system/IonReaderBuilder
instanceKlass com/amazon/ion/IonValue
instanceKlass com/amazon/ion/IonReader
instanceKlass org/jetbrains/kotlin/gradle/idea/kpm/IdeaKpmProjectContainer
instanceKlass com/amazon/ion/impl/SharedSymbolTable
instanceKlass com/amazon/ion/impl/_Private_IonWriterBase
instanceKlass com/amazon/ion/impl/_Private_ReaderWriter
instanceKlass org/jetbrains/kotlin/idea/gradleTooling/model/allopen/AllOpenModelImpl
instanceKlass com/amazon/ion/util/_Private_FastAppendable
instanceKlass com/amazon/ion/impl/_Private_Utils$1
instanceKlass com/amazon/ion/impl/_Private_Utils
instanceKlass org/jetbrains/kotlin/idea/gradleTooling/model/noarg/NoArgModelImpl
instanceKlass com/amazon/ion/system/IonSystemBuilder
instanceKlass com/amazon/ion/system/SimpleCatalog
instanceKlass com/amazon/ion/IonMutableCatalog
instanceKlass com/amazon/ion/impl/bin/IonRawBinaryWriter$RecyclingStack$ElementFactory
instanceKlass org/jetbrains/kotlin/idea/gradleTooling/model/samWithReceiver/SamWithReceiverModelImpl
instanceKlass com/amazon/ion/impl/bin/IonManagedBinaryWriter$ImportedSymbolResolverMode$1$1$1
instanceKlass com/amazon/ion/impl/bin/IonManagedBinaryWriter$SymbolResolver
instanceKlass com/amazon/ion/impl/bin/IonManagedBinaryWriter$ImportedSymbolResolverMode$1$1
instanceKlass com/amazon/ion/impl/bin/AbstractSymbolTable
instanceKlass com/amazon/ion/impl/bin/Symbols$1
instanceKlass org/jetbrains/kotlin/idea/gradleTooling/model/assignment/AssignmentModelImpl
instanceKlass com/amazon/ion/SymbolToken
instanceKlass com/amazon/ion/impl/bin/Symbols
instanceKlass com/amazon/ion/impl/bin/IonManagedBinaryWriter$SymbolResolverBuilder
instanceKlass com/amazon/ion/impl/bin/IonManagedBinaryWriter$ImportedSymbolContext
instanceKlass com/amazon/ion/impl/bin/_Private_IonRawWriter
instanceKlass org/jetbrains/kotlin/idea/gradleTooling/model/parcelize/ParcelizeGradleModelImpl
instanceKlass com/amazon/ion/impl/bin/AbstractIonWriter
instanceKlass com/amazon/ion/impl/_Private_ByteTransferSink
instanceKlass com/amazon/ion/impl/_Private_IonWriter
instanceKlass com/amazon/ion/impl/bin/_Private_IonManagedWriter
instanceKlass com/amazon/ion/impl/bin/IonBinaryWriterAdapter$Factory
instanceKlass com/amazon/ion/IonCatalog
instanceKlass com/amazon/ion/impl/bin/_Private_IonManagedBinaryWriterBuilder
instanceKlass com/amazon/ion/impl/bin/BlockAllocator
instanceKlass com/amazon/ion/impl/_Private_LocalSymbolTableFactory
instanceKlass com/android/ide/gradle/model/impl/GradlePluginModelImpl$Companion
instanceKlass com/amazon/ion/ValueFactory
instanceKlass com/android/ide/gradle/model/impl/GradlePluginModelImpl
instanceKlass com/amazon/ion/IonBinaryWriter
instanceKlass com/amazon/ion/IonWriter
instanceKlass com/amazon/ion/facet/Faceted
instanceKlass com/android/ide/gradle/model/GradlePluginModel
instanceKlass com/android/tools/idea/projectsystem/gradle/sync/Counter
instanceKlass com/amazon/ion/SymbolTable
instanceKlass com/amazon/ion/impl/bin/BlockAllocatorProvider
instanceKlass com/android/tools/idea/gradle/project/sync/SyncCounters
instanceKlass com/amazon/ion/system/IonWriterBuilder
instanceKlass org/jetbrains/kotlin/android/synthetic/idea/AndroidExtensionsGradleModelImpl
instanceKlass org/jetbrains/plugins/gradle/tooling/serialization/ToolingStreamApiUtils
instanceKlass org/jetbrains/plugins/gradle/model/ProjectImportAction$5$1
instanceKlass org/jetbrains/plugins/gradle/tooling/internal/RepositoriesModelImpl
instanceKlass org/jetbrains/plugins/gradle/model/FileCollectionDependency
instanceKlass org/gradle/internal/impldep/com/google/common/collect/Multimap
instanceKlass org/jetbrains/plugins/gradle/model/ExternalLibraryDependency
instanceKlass org/jetbrains/plugins/gradle/model/ExternalProjectDependency
instanceKlass org/jetbrains/plugins/gradle/model/AbstractExternalDependency
instanceKlass org/jetbrains/plugins/gradle/model/ExternalDependency
instanceKlass org/jetbrains/plugins/gradle/tooling/util/resolve/DependencyResolverImpl
instanceKlass org/jetbrains/plugins/gradle/tooling/util/DependencyResolver
instanceKlass org/gradle/internal/classpath/Instrumented$2
instanceKlass org/gradle/internal/classpath/AccessTrackingSet$Listener
instanceKlass org/gradle/internal/featurelifecycle/DefaultDeprecatedUsageProgressDetails
instanceKlass org/gradle/internal/featurelifecycle/DeprecatedUsageProgressDetails
instanceKlass org/gradle/internal/deprecation/DeprecationMessage
instanceKlass org/jetbrains/plugins/gradle/tooling/util/JavaPluginUtil
instanceKlass org/jetbrains/kotlin/idea/gradleTooling/ModelBuilderUtilsKt
instanceKlass kotlin/text/DelimitedRangesSequence$iterator$1
instanceKlass kotlin/text/DelimitedRangesSequence
instanceKlass org/jetbrains/kotlin/idea/gradleTooling/AndroidAwareGradleModelProvider$Result
instanceKlass org/gradle/tooling/internal/adapter/ProtocolToModelAdapter$MethodInvocationCache$MethodInvocationKey
instanceKlass org/gradle/tooling/internal/adapter/MethodInvocation
instanceKlass org/jetbrains/kotlin/idea/gradleTooling/AndroidAwareGradleModelProvider$Companion
instanceKlass org/jetbrains/kotlin/idea/gradleTooling/AndroidAwareGradleModelProvider
instanceKlass org/jetbrains/plugins/gradle/model/ProjectImportModelProvider
instanceKlass org/gradle/tooling/internal/adapter/ProtocolToModelAdapter$ViewGraphDetails$1
instanceKlass org/gradle/tooling/internal/adapter/ProtocolToModelAdapter$AdaptingMethodInvoker
instanceKlass org/gradle/tooling/internal/adapter/ProtocolToModelAdapter$PropertyCachingMethodInvoker
instanceKlass org/gradle/tooling/internal/adapter/ProtocolToModelAdapter$SafeMethodInvoker
instanceKlass org/gradle/tooling/internal/adapter/ProtocolToModelAdapter$SupportedPropertyInvoker
instanceKlass org/gradle/tooling/internal/adapter/ProtocolToModelAdapter$InvocationHandlerImpl
instanceKlass org/gradle/tooling/internal/adapter/ProtocolToModelAdapter$ViewKey
instanceKlass org/gradle/tooling/internal/adapter/WeakIdentityHashMap
instanceKlass org/gradle/tooling/internal/adapter/WeakIdentityHashMap$AbsentValueProvider
instanceKlass org/gradle/tooling/internal/adapter/ProtocolToModelAdapter$ViewGraphDetails
instanceKlass org/gradle/tooling/internal/adapter/ProtocolToModelAdapter$MixInMappingAction
instanceKlass org/gradle/tooling/internal/adapter/ProtocolToModelAdapter$DefaultViewBuilder
instanceKlass kotlin/Unit
instanceKlass org/gradle/tooling/internal/consumer/connection/ToolingParameterProxy
instanceKlass kotlin/jvm/internal/Lambda
instanceKlass kotlin/jvm/internal/FunctionBase
instanceKlass org/jetbrains/plugins/gradle/tooling/ModelBuilderService$Parameter
instanceKlass org/gradle/tooling/model/internal/Exceptions
instanceKlass kotlin/jvm/internal/Intrinsics
instanceKlass org/gradle/api/internal/tasks/execution/ExecuteTaskBuildOperationResult
instanceKlass org/gradle/api/internal/tasks/execution/ExecuteTaskBuildOperationType$Result
instanceKlass org/gradle/api/internal/tasks/TaskExecuterResult$1
instanceKlass org/gradle/internal/build/event/types/AbstractProgressEvent
instanceKlass org/gradle/internal/build/event/types/DefaultTaskDescriptor
instanceKlass org/gradle/tooling/internal/protocol/events/InternalTaskWithExtraInfoDescriptor
instanceKlass org/gradle/tooling/internal/protocol/events/InternalTaskDescriptor
instanceKlass java/util/TreeMap$TreeMapSpliterator
instanceKlass org/gradle/api/internal/tasks/execution/EventFiringTaskExecuter$1
instanceKlass org/gradle/api/internal/tasks/execution/EventFiringTaskExecuter
instanceKlass org/gradle/api/internal/tasks/execution/CatchExceptionTaskExecuter
instanceKlass org/gradle/api/internal/tasks/execution/SkipOnlyIfTaskExecuter
instanceKlass org/gradle/api/internal/tasks/execution/SkipTaskWithNoActionsExecuter
instanceKlass org/gradle/api/internal/tasks/execution/ResolveTaskExecutionModeExecuter
instanceKlass org/gradle/api/internal/tasks/execution/FinalizePropertiesTaskExecuter
instanceKlass org/gradle/api/internal/tasks/TaskExecuterResult
instanceKlass org/gradle/api/internal/tasks/execution/ExecuteActionsTaskExecuter
instanceKlass org/gradle/normalization/internal/InputNormalizationHandlerInternal$CachedState
instanceKlass org/gradle/normalization/internal/DefaultInputNormalizationHandler
instanceKlass org/gradle/api/internal/changedetection/state/IgnoringResourceEntryFilter
instanceKlass org/gradle/api/internal/changedetection/state/IgnoringResourceFilter
instanceKlass org/gradle/normalization/internal/DefaultRuntimeClasspathNormalization$RuntimeMetaInfNormalization
instanceKlass org/gradle/normalization/PropertiesFileNormalization
instanceKlass org/gradle/normalization/internal/DefaultRuntimeClasspathNormalization$DefaultPropertiesFileFilter
instanceKlass org/gradle/normalization/internal/DefaultRuntimeClasspathNormalization$EvaluatableFilter
instanceKlass org/gradle/normalization/internal/RuntimeClasspathNormalizationInternal$CachedState
instanceKlass org/gradle/normalization/MetaInfNormalization
instanceKlass org/gradle/normalization/internal/DefaultRuntimeClasspathNormalization
instanceKlass org/gradle/api/internal/changedetection/changes/DefaultTaskExecutionModeResolver
instanceKlass org/gradle/api/internal/tasks/execution/DefaultTaskCacheabilityResolver
instanceKlass org/gradle/internal/file/DefaultReservedFileSystemLocationRegistry
instanceKlass org/gradle/api/internal/artifacts/transform/MutableTransformationWorkspaceServices$MutableTransformationWorkspaceProvider
instanceKlass org/gradle/api/internal/tasks/TaskExecutionContext$ValidationAction
instanceKlass org/gradle/api/internal/tasks/execution/DefaultTaskExecutionContext
instanceKlass org/gradle/internal/reflect/validation/TypeValidationProblemRenderer
instanceKlass org/gradle/api/internal/tasks/properties/OutputFilePropertySpec
instanceKlass org/gradle/api/internal/tasks/properties/FilePropertySpec
instanceKlass org/gradle/api/internal/tasks/properties/CompositePropertyVisitor
instanceKlass org/gradle/api/internal/tasks/properties/DefaultTaskProperties$GetDestroyablesVisitor
instanceKlass org/gradle/api/internal/tasks/properties/DefaultTaskProperties$GetLocalStateVisitor
instanceKlass org/gradle/api/internal/tasks/properties/OutputUnpacker$UnpackedOutputConsumer$1
instanceKlass org/gradle/api/internal/tasks/properties/OutputUnpacker
instanceKlass org/gradle/api/internal/tasks/properties/OutputFilesCollector
instanceKlass org/gradle/api/internal/tasks/properties/ValidationAction
instanceKlass org/gradle/api/internal/tasks/properties/DefaultTaskProperties$ValidationVisitor
instanceKlass org/gradle/api/internal/tasks/properties/GetServiceReferencesVisitor
instanceKlass org/gradle/api/internal/tasks/properties/GetInputFilesVisitor
instanceKlass org/gradle/api/internal/tasks/properties/GetInputPropertiesVisitor
instanceKlass org/gradle/api/internal/tasks/properties/DefaultTaskProperties
instanceKlass org/gradle/api/internal/tasks/properties/TaskProperties
instanceKlass org/gradle/execution/plan/ResolveMutationsNode$ResolveTaskMutationsDetails
instanceKlass org/gradle/api/internal/tasks/execution/ResolveTaskMutationsBuildOperationType$Details
instanceKlass org/gradle/execution/plan/ResolveMutationsNode$1
instanceKlass org/gradle/api/execution/TaskActionListener
instanceKlass org/gradle/execution/plan/MissingTaskDependencyDetector
instanceKlass org/gradle/api/internal/tasks/execution/TaskCacheabilityResolver
instanceKlass org/gradle/internal/file/ReservedFileSystemLocationRegistry
instanceKlass org/gradle/api/internal/changedetection/TaskExecutionModeResolver
instanceKlass org/gradle/api/internal/tasks/TaskExecuter
instanceKlass org/gradle/execution/ProjectExecutionServiceRegistry$DefaultNodeExecutionContext
instanceKlass org/gradle/execution/plan/DefaultPlanExecutor$WorkItem
instanceKlass org/gradle/execution/plan/WorkSource$Selection
instanceKlass org/gradle/execution/plan/edges/DependencyPredecessorsOnlyNodeSet
instanceKlass org/gradle/execution/plan/edges/DependencySuccessorsOnlyNodeSet
instanceKlass org/gradle/execution/plan/DefaultPlanExecutor$ExecutorState$WorkerState
instanceKlass org/gradle/execution/plan/DefaultPlanExecutor$ExecutorWorker
instanceKlass org/gradle/execution/plan/DefaultPlanExecutor$PlanDetails
instanceKlass org/gradle/execution/taskgraph/DefaultTaskExecutionGraph$InvokeNodeExecutorsAction
instanceKlass org/gradle/execution/taskgraph/DefaultTaskExecutionGraph$BuildOperationAwareExecutionAction
instanceKlass org/gradle/execution/RunRootBuildWorkBuildOperationType$Details
instanceKlass org/gradle/execution/BuildOperationFiringBuildWorkerExecutor$ExecuteTasks
instanceKlass org/gradle/composite/internal/DefaultBuildController$BuildOpRunnable
instanceKlass org/gradle/internal/buildtree/BuildOperationFiringBuildTreeWorkExecutor$1
instanceKlass org/gradle/composite/internal/DefaultIncludedBuildTaskGraph$DefaultBuildTreeWorkGraph$1$1
instanceKlass org/gradle/internal/taskgraph/CalculateTreeTaskGraphBuildOperationType$Result
instanceKlass org/gradle/api/internal/provider/ValueSupplier$TaskProducer
instanceKlass org/gradle/api/internal/project/taskfactory/StandardTaskAction
instanceKlass org/gradle/api/internal/project/taskfactory/DefaultTaskClassInfoStore$IncrementalTaskActionFactory
instanceKlass org/gradle/api/internal/project/taskfactory/DefaultTaskClassInfoStore$StandardTaskActionFactory
instanceKlass org/gradle/internal/extensibility/ConventionAwareHelper$MappedPropertyImpl
instanceKlass org/gradle/api/internal/ConventionMapping$MappedProperty
instanceKlass org/gradle/execution/taskgraph/NotifyTaskGraphWhenReadyBuildOperationType$1
instanceKlass org/gradle/execution/taskgraph/NotifyTaskGraphWhenReadyBuildOperationType$Result
instanceKlass org/gradle/execution/taskgraph/NotifyTaskGraphWhenReadyBuildOperationType
instanceKlass org/gradle/api/internal/tasks/testing/filter/DefaultTestFilter
instanceKlass org/gradle/execution/taskgraph/DefaultTaskExecutionGraph$NotifyTaskGraphWhenReadyDetails
instanceKlass org/gradle/execution/taskgraph/NotifyTaskGraphWhenReadyBuildOperationType$Details
instanceKlass org/gradle/execution/taskgraph/DefaultTaskExecutionGraph$NotifyTaskGraphWhenReady
instanceKlass org/gradle/execution/plan/DefaultFinalizedExecutionPlan$ExecutionQueue
instanceKlass org/gradle/execution/plan/DefaultFinalizedExecutionPlan$1
instanceKlass org/gradle/execution/plan/DefaultFinalizedExecutionPlan
instanceKlass org/gradle/internal/build/BuildOperationFiringBuildWorkPreparer$PopulateWorkGraph$CalculateTaskGraphResult
instanceKlass org/gradle/internal/taskgraph/CalculateTaskGraphBuildOperationType$Result
instanceKlass org/gradle/execution/plan/ToPlannedTaskConverter$PlannedTaskIdentity
instanceKlass org/gradle/initialization/DefaultPlannedTask
instanceKlass org/gradle/internal/taskgraph/CalculateTaskGraphBuildOperationType$PlannedTask
instanceKlass org/gradle/internal/build/PlannedNodeGraph
instanceKlass org/gradle/internal/build/PlannedNodeGraph$IdentityProvider
instanceKlass org/gradle/internal/build/PlannedNodeGraph$DependencyTraverser
instanceKlass org/gradle/internal/build/PlannedNodeGraph$Collector
instanceKlass org/gradle/execution/plan/DefaultExecutionPlan$1
instanceKlass org/gradle/execution/plan/DetermineExecutionPlanAction$TaskClassifier
instanceKlass org/gradle/execution/plan/DetermineExecutionPlanAction$NodeInVisitingSegment
instanceKlass org/gradle/execution/plan/DetermineExecutionPlanAction
instanceKlass com/google/common/collect/AbstractMapBasedMultimap$Itr
instanceKlass org/gradle/internal/reflect/validation/TypeProblemBuilder
instanceKlass org/gradle/internal/properties/bean/DefaultPropertyWalker$1
instanceKlass org/gradle/internal/properties/annotations/TypeMetadataWalker$InstanceMetadataVisitor
instanceKlass org/gradle/internal/reflect/validation/TypeValidationContext$1
instanceKlass org/gradle/api/internal/tasks/TaskPropertyUtils
instanceKlass org/gradle/api/internal/tasks/DefaultTaskInputs$1
instanceKlass org/gradle/execution/plan/ResolveMutationsNode$2
instanceKlass org/gradle/api/internal/tasks/execution/ResolveTaskMutationsBuildOperationType$Result
instanceKlass org/gradle/execution/plan/NodeSets
instanceKlass org/gradle/execution/plan/MutationInfo
instanceKlass org/gradle/execution/plan/edges/DependentNodesSet$1
instanceKlass org/gradle/execution/plan/edges/DependentNodesSet
instanceKlass org/gradle/execution/plan/edges/DependencyNodesSet$1
instanceKlass org/gradle/execution/plan/edges/DependencyNodesSet
instanceKlass org/gradle/execution/plan/TaskNodeFactory$DefaultTypeOriginInspectorFactory$ProjectScopedTypeOriginInspector
instanceKlass org/gradle/execution/plan/NodeGroup
instanceKlass org/gradle/execution/plan/NodeComparator
instanceKlass org/gradle/execution/TaskNameResolver$FixedTaskSelectionResult
instanceKlass org/gradle/api/tasks/TaskAction
instanceKlass org/gradle/configurationcache/AbstractTaskProjectAccessChecker
instanceKlass org/gradle/internal/execution/DefaultWorkExecutionTracker$OperationListener
instanceKlass org/gradle/internal/execution/DefaultWorkExecutionTracker
instanceKlass org/gradle/api/internal/tasks/DefaultTaskRequiredServices
instanceKlass org/gradle/api/internal/tasks/DefaultTaskLocalState
instanceKlass org/gradle/api/internal/tasks/DefaultTaskDestroyables
instanceKlass org/gradle/api/internal/tasks/TaskDestroyablesInternal
instanceKlass org/gradle/api/tasks/TaskOutputFilePropertyBuilder
instanceKlass org/gradle/api/internal/tasks/properties/OutputUnpacker$UnpackedOutputConsumer
instanceKlass org/gradle/api/internal/tasks/DefaultTaskOutputs
